[2025-11-30T01:51:27.836+0000] {taskinstance.py:1979} INFO - Dependencies all met for dep_context=non-requeueable deps ti=<TaskInstance: carga_fato_vendas.load_fato_vendas scheduled__2025-11-29T00:00:00+00:00 [queued]>
[2025-11-30T01:51:27.840+0000] {taskinstance.py:1979} INFO - Dependencies all met for dep_context=requeueable deps ti=<TaskInstance: carga_fato_vendas.load_fato_vendas scheduled__2025-11-29T00:00:00+00:00 [queued]>
[2025-11-30T01:51:27.840+0000] {taskinstance.py:2193} INFO - Starting attempt 1 of 3
[2025-11-30T01:51:27.848+0000] {taskinstance.py:2214} INFO - Executing <Task(_PythonDecoratedOperator): load_fato_vendas> on 2025-11-29 00:00:00+00:00
[2025-11-30T01:51:27.851+0000] {standard_task_runner.py:60} INFO - Started process 713 to run task
[2025-11-30T01:51:27.853+0000] {standard_task_runner.py:87} INFO - Running: ['***', 'tasks', 'run', 'carga_fato_vendas', 'load_fato_vendas', 'scheduled__2025-11-29T00:00:00+00:00', '--job-id', '61', '--raw', '--subdir', 'DAGS_FOLDER/carga_fato_vendas.py', '--cfg-path', '/tmp/tmpc_2lqdv6']
[2025-11-30T01:51:27.854+0000] {standard_task_runner.py:88} INFO - Job 61: Subtask load_fato_vendas
[2025-11-30T01:51:27.986+0000] {task_command.py:423} INFO - Running <TaskInstance: carga_fato_vendas.load_fato_vendas scheduled__2025-11-29T00:00:00+00:00 [running]> on host 9ad253eb6f4d
[2025-11-30T01:51:28.025+0000] {taskinstance.py:2510} INFO - Exporting env vars: AIRFLOW_CTX_DAG_OWNER='etl' AIRFLOW_CTX_DAG_ID='carga_fato_vendas' AIRFLOW_CTX_TASK_ID='load_fato_vendas' AIRFLOW_CTX_EXECUTION_DATE='2025-11-29T00:00:00+00:00' AIRFLOW_CTX_TRY_NUMBER='1' AIRFLOW_CTX_DAG_RUN_ID='scheduled__2025-11-29T00:00:00+00:00'
[2025-11-30T01:51:28.026+0000] {logging_mixin.py:188} INFO - 
=== Iniciando carga da FatoVendas ===
[2025-11-30T01:51:29.092+0000] {logging_mixin.py:188} INFO - Último VendasKey carregado: 321720
[2025-11-30T01:51:29.989+0000] {logging_mixin.py:188} INFO - Encontrados 984 novos registros para carga.
[2025-11-30T01:51:30.978+0000] {logging_mixin.py:188} INFO - [WARN] ClienteID 2275 não encontrado. Pulando.
[2025-11-30T01:51:30.979+0000] {logging_mixin.py:188} INFO - [WARN] ClienteID 2275 não encontrado. Pulando.
[2025-11-30T01:51:30.979+0000] {logging_mixin.py:188} INFO - [WARN] ClienteID 2275 não encontrado. Pulando.
[2025-11-30T01:51:30.980+0000] {logging_mixin.py:188} INFO - [WARN] ClienteID 2275 não encontrado. Pulando.
[2025-11-30T01:51:31.399+0000] {logging_mixin.py:188} INFO - FatoVendas - 980 registros inseridos com sucesso.
[2025-11-30T01:51:31.399+0000] {python.py:202} INFO - Done. Returned value was: None
[2025-11-30T01:51:31.408+0000] {taskinstance.py:1149} INFO - Marking task as SUCCESS. dag_id=carga_fato_vendas, task_id=load_fato_vendas, execution_date=20251129T000000, start_date=20251130T015127, end_date=20251130T015131
[2025-11-30T01:51:31.435+0000] {local_task_job_runner.py:234} INFO - Task exited with return code 0
[2025-11-30T01:51:31.447+0000] {taskinstance.py:3309} INFO - 0 downstream tasks scheduled from follow-on schedule check
