[2025-12-03T00:55:15.659+0000] {taskinstance.py:1979} INFO - Dependencies all met for dep_context=non-requeueable deps ti=<TaskInstance: carga_fato_recebimentos.load_fato_recebimentos manual__2025-12-03T00:55:15.246084+00:00 [queued]>
[2025-12-03T00:55:15.666+0000] {taskinstance.py:1979} INFO - Dependencies all met for dep_context=requeueable deps ti=<TaskInstance: carga_fato_recebimentos.load_fato_recebimentos manual__2025-12-03T00:55:15.246084+00:00 [queued]>
[2025-12-03T00:55:15.666+0000] {taskinstance.py:2193} INFO - Starting attempt 1 of 3
[2025-12-03T00:55:15.676+0000] {taskinstance.py:2214} INFO - Executing <Task(_PythonDecoratedOperator): load_fato_recebimentos> on 2025-12-03 00:55:15.246084+00:00
[2025-12-03T00:55:15.678+0000] {standard_task_runner.py:60} INFO - Started process 1029 to run task
[2025-12-03T00:55:15.681+0000] {standard_task_runner.py:87} INFO - Running: ['***', 'tasks', 'run', 'carga_fato_recebimentos', 'load_fato_recebimentos', 'manual__2025-12-03T00:55:15.246084+00:00', '--job-id', '545', '--raw', '--subdir', 'DAGS_FOLDER/carga_fato_recebimentos.py', '--cfg-path', '/tmp/tmphg4idm7y']
[2025-12-03T00:55:15.683+0000] {standard_task_runner.py:88} INFO - Job 545: Subtask load_fato_recebimentos
[2025-12-03T00:55:15.835+0000] {task_command.py:423} INFO - Running <TaskInstance: carga_fato_recebimentos.load_fato_recebimentos manual__2025-12-03T00:55:15.246084+00:00 [running]> on host 08128b82813d
[2025-12-03T00:55:15.889+0000] {taskinstance.py:2510} INFO - Exporting env vars: AIRFLOW_CTX_DAG_OWNER='etl' AIRFLOW_CTX_DAG_ID='carga_fato_recebimentos' AIRFLOW_CTX_TASK_ID='load_fato_recebimentos' AIRFLOW_CTX_EXECUTION_DATE='2025-12-03T00:55:15.246084+00:00' AIRFLOW_CTX_TRY_NUMBER='1' AIRFLOW_CTX_DAG_RUN_ID='manual__2025-12-03T00:55:15.246084+00:00'
[2025-12-03T00:55:15.890+0000] {logging_mixin.py:188} INFO - 
=== Iniciando carga da FatoRecebimentos ===
[2025-12-03T00:55:16.996+0000] {logging_mixin.py:188} INFO - Último RecebimentoID carregado: 987397
[2025-12-03T00:55:17.921+0000] {logging_mixin.py:188} INFO - Encontrados 1333 novos títulos a receber.
[2025-12-03T00:55:18.559+0000] {logging_mixin.py:188} INFO - [WARN] ClienteID 2275 não encontrado. Pulando.
[2025-12-03T00:55:18.560+0000] {logging_mixin.py:188} INFO - [WARN] ClienteID 2275 não encontrado. Pulando.
[2025-12-03T00:55:18.561+0000] {logging_mixin.py:188} INFO - [WARN] ClienteID 2275 não encontrado. Pulando.
[2025-12-03T00:55:18.561+0000] {logging_mixin.py:188} INFO - [WARN] ClienteID 2275 não encontrado. Pulando.
[2025-12-03T00:55:18.562+0000] {logging_mixin.py:188} INFO - [WARN] ClienteID 2275 não encontrado. Pulando.
[2025-12-03T00:55:18.562+0000] {logging_mixin.py:188} INFO - [WARN] ClienteID 2275 não encontrado. Pulando.
[2025-12-03T00:55:18.563+0000] {logging_mixin.py:188} INFO - [WARN] ClienteID 2275 não encontrado. Pulando.
[2025-12-03T00:55:18.563+0000] {logging_mixin.py:188} INFO - [WARN] ClienteID 2275 não encontrado. Pulando.
[2025-12-03T00:55:18.564+0000] {logging_mixin.py:188} INFO - [WARN] ClienteID 2275 não encontrado. Pulando.
[2025-12-03T00:55:18.564+0000] {logging_mixin.py:188} INFO - [WARN] ClienteID 2275 não encontrado. Pulando.
[2025-12-03T00:55:22.734+0000] {logging_mixin.py:188} INFO - FatoRecebimentos - 1323 registros inseridos com sucesso.
[2025-12-03T00:55:22.735+0000] {python.py:202} INFO - Done. Returned value was: None
[2025-12-03T00:55:22.740+0000] {taskinstance.py:1149} INFO - Marking task as SUCCESS. dag_id=carga_fato_recebimentos, task_id=load_fato_recebimentos, execution_date=20251203T005515, start_date=20251203T005515, end_date=20251203T005522
[2025-12-03T00:55:22.755+0000] {local_task_job_runner.py:234} INFO - Task exited with return code 0
[2025-12-03T00:55:22.858+0000] {taskinstance.py:3309} INFO - 0 downstream tasks scheduled from follow-on schedule check
