[2025-12-03T00:00:00.898+0000] {taskinstance.py:1979} INFO - Dependencies all met for dep_context=non-requeueable deps ti=<TaskInstance: carga_fato_recebimentos.load_fato_recebimentos scheduled__2025-12-02T00:00:00+00:00 [queued]>
[2025-12-03T00:00:00.912+0000] {taskinstance.py:1979} INFO - Dependencies all met for dep_context=requeueable deps ti=<TaskInstance: carga_fato_recebimentos.load_fato_recebimentos scheduled__2025-12-02T00:00:00+00:00 [queued]>
[2025-12-03T00:00:00.912+0000] {taskinstance.py:2193} INFO - Starting attempt 1 of 3
[2025-12-03T00:00:00.926+0000] {taskinstance.py:2214} INFO - Executing <Task(_PythonDecoratedOperator): load_fato_recebimentos> on 2025-12-02 00:00:00+00:00
[2025-12-03T00:00:00.938+0000] {standard_task_runner.py:60} INFO - Started process 763 to run task
[2025-12-03T00:00:00.942+0000] {standard_task_runner.py:87} INFO - Running: ['***', 'tasks', 'run', 'carga_fato_recebimentos', 'load_fato_recebimentos', 'scheduled__2025-12-02T00:00:00+00:00', '--job-id', '475', '--raw', '--subdir', 'DAGS_FOLDER/carga_fato_recebimentos.py', '--cfg-path', '/tmp/tmpakzv3ti6']
[2025-12-03T00:00:00.945+0000] {standard_task_runner.py:88} INFO - Job 475: Subtask load_fato_recebimentos
[2025-12-03T00:00:01.209+0000] {task_command.py:423} INFO - Running <TaskInstance: carga_fato_recebimentos.load_fato_recebimentos scheduled__2025-12-02T00:00:00+00:00 [running]> on host 954fa7f5aadc
[2025-12-03T00:00:01.290+0000] {taskinstance.py:2510} INFO - Exporting env vars: AIRFLOW_CTX_DAG_OWNER='etl' AIRFLOW_CTX_DAG_ID='carga_fato_recebimentos' AIRFLOW_CTX_TASK_ID='load_fato_recebimentos' AIRFLOW_CTX_EXECUTION_DATE='2025-12-02T00:00:00+00:00' AIRFLOW_CTX_TRY_NUMBER='1' AIRFLOW_CTX_DAG_RUN_ID='scheduled__2025-12-02T00:00:00+00:00'
[2025-12-03T00:00:01.291+0000] {logging_mixin.py:188} INFO - 
=== Iniciando carga da FatoRecebimentos ===
[2025-12-03T00:00:02.402+0000] {logging_mixin.py:188} INFO - Último RecebimentoID carregado: 987397
[2025-12-03T00:00:03.298+0000] {logging_mixin.py:188} INFO - Encontrados 1333 novos títulos a receber.
[2025-12-03T00:00:07.149+0000] {logging_mixin.py:188} INFO - [WARN] ClienteID 2275 não encontrado. Pulando.
[2025-12-03T00:00:07.150+0000] {logging_mixin.py:188} INFO - [WARN] ClienteID 2275 não encontrado. Pulando.
[2025-12-03T00:00:07.151+0000] {logging_mixin.py:188} INFO - [WARN] ClienteID 2275 não encontrado. Pulando.
[2025-12-03T00:00:07.152+0000] {logging_mixin.py:188} INFO - [WARN] ClienteID 2275 não encontrado. Pulando.
[2025-12-03T00:00:07.153+0000] {logging_mixin.py:188} INFO - [WARN] ClienteID 2275 não encontrado. Pulando.
[2025-12-03T00:00:07.154+0000] {logging_mixin.py:188} INFO - [WARN] ClienteID 2275 não encontrado. Pulando.
[2025-12-03T00:00:07.155+0000] {logging_mixin.py:188} INFO - [WARN] ClienteID 2275 não encontrado. Pulando.
[2025-12-03T00:00:07.156+0000] {logging_mixin.py:188} INFO - [WARN] ClienteID 2275 não encontrado. Pulando.
[2025-12-03T00:00:07.157+0000] {logging_mixin.py:188} INFO - [WARN] ClienteID 2275 não encontrado. Pulando.
[2025-12-03T00:00:07.158+0000] {logging_mixin.py:188} INFO - [WARN] ClienteID 2275 não encontrado. Pulando.
[2025-12-03T00:00:09.761+0000] {logging_mixin.py:188} INFO - FatoRecebimentos - 1323 registros inseridos com sucesso.
[2025-12-03T00:00:09.761+0000] {python.py:202} INFO - Done. Returned value was: None
[2025-12-03T00:00:09.768+0000] {taskinstance.py:1149} INFO - Marking task as SUCCESS. dag_id=carga_fato_recebimentos, task_id=load_fato_recebimentos, execution_date=20251202T000000, start_date=20251203T000000, end_date=20251203T000009
[2025-12-03T00:00:09.795+0000] {local_task_job_runner.py:234} INFO - Task exited with return code 0
[2025-12-03T00:00:09.805+0000] {taskinstance.py:3309} INFO - 0 downstream tasks scheduled from follow-on schedule check
