[2025-12-01T02:47:10.850+0000] {taskinstance.py:1979} INFO - Dependencies all met for dep_context=non-requeueable deps ti=<TaskInstance: pipeline_analytics_master.dim_categoria scheduled__2025-11-30T02:00:00+00:00 [queued]>
[2025-12-01T02:47:10.864+0000] {taskinstance.py:1979} INFO - Dependencies all met for dep_context=requeueable deps ti=<TaskInstance: pipeline_analytics_master.dim_categoria scheduled__2025-11-30T02:00:00+00:00 [queued]>
[2025-12-01T02:47:10.865+0000] {taskinstance.py:2193} INFO - Starting attempt 1 of 2
[2025-12-01T02:47:10.885+0000] {taskinstance.py:2214} INFO - Executing <Task(TriggerDagRunOperator): dim_categoria> on 2025-11-30 02:00:00+00:00
[2025-12-01T02:47:10.891+0000] {standard_task_runner.py:60} INFO - Started process 527 to run task
[2025-12-01T02:47:10.902+0000] {standard_task_runner.py:87} INFO - Running: ['***', 'tasks', 'run', 'pipeline_analytics_master', 'dim_categoria', 'scheduled__2025-11-30T02:00:00+00:00', '--job-id', '204', '--raw', '--subdir', 'DAGS_FOLDER/pipeline_analytics_master.py', '--cfg-path', '/tmp/tmp44als1em']
[2025-12-01T02:47:10.906+0000] {standard_task_runner.py:88} INFO - Job 204: Subtask dim_categoria
[2025-12-01T02:47:10.999+0000] {task_command.py:423} INFO - Running <TaskInstance: pipeline_analytics_master.dim_categoria scheduled__2025-11-30T02:00:00+00:00 [running]> on host 1439f57e621d
[2025-12-01T02:47:11.967+0000] {taskinstance.py:2510} INFO - Exporting env vars: AIRFLOW_CTX_DAG_OWNER='etl' AIRFLOW_CTX_DAG_ID='pipeline_analytics_master' AIRFLOW_CTX_TASK_ID='dim_categoria' AIRFLOW_CTX_EXECUTION_DATE='2025-11-30T02:00:00+00:00' AIRFLOW_CTX_TRY_NUMBER='1' AIRFLOW_CTX_DAG_RUN_ID='scheduled__2025-11-30T02:00:00+00:00'
[2025-12-01T02:47:12.141+0000] {trigger_dagrun.py:210} INFO - Waiting for carga_dim_categoria on 2025-12-01 02:47:11.969150+00:00 to become allowed state ['success'] ...
[2025-12-01T02:48:13.594+0000] {trigger_dagrun.py:210} INFO - Waiting for carga_dim_categoria on 2025-12-01 02:47:11.969150+00:00 to become allowed state ['success'] ...
[2025-12-01T02:49:15.133+0000] {trigger_dagrun.py:210} INFO - Waiting for carga_dim_categoria on 2025-12-01 02:47:11.969150+00:00 to become allowed state ['success'] ...
[2025-12-01T02:50:16.590+0000] {trigger_dagrun.py:210} INFO - Waiting for carga_dim_categoria on 2025-12-01 02:47:11.969150+00:00 to become allowed state ['success'] ...
[2025-12-01T02:51:18.102+0000] {trigger_dagrun.py:210} INFO - Waiting for carga_dim_categoria on 2025-12-01 02:47:11.969150+00:00 to become allowed state ['success'] ...
[2025-12-01T02:52:19.578+0000] {trigger_dagrun.py:210} INFO - Waiting for carga_dim_categoria on 2025-12-01 02:47:11.969150+00:00 to become allowed state ['success'] ...
[2025-12-01T02:53:21.091+0000] {trigger_dagrun.py:210} INFO - Waiting for carga_dim_categoria on 2025-12-01 02:47:11.969150+00:00 to become allowed state ['success'] ...
[2025-12-01T02:54:22.583+0000] {trigger_dagrun.py:210} INFO - Waiting for carga_dim_categoria on 2025-12-01 02:47:11.969150+00:00 to become allowed state ['success'] ...
[2025-12-01T02:55:24.100+0000] {trigger_dagrun.py:210} INFO - Waiting for carga_dim_categoria on 2025-12-01 02:47:11.969150+00:00 to become allowed state ['success'] ...
[2025-12-01T02:56:25.612+0000] {trigger_dagrun.py:210} INFO - Waiting for carga_dim_categoria on 2025-12-01 02:47:11.969150+00:00 to become allowed state ['success'] ...
[2025-12-01T02:57:27.122+0000] {trigger_dagrun.py:223} INFO - carga_dim_categoria finished with allowed state success
[2025-12-01T02:57:27.130+0000] {taskinstance.py:1149} INFO - Marking task as SUCCESS. dag_id=pipeline_analytics_master, task_id=dim_categoria, execution_date=20251130T020000, start_date=20251201T024710, end_date=20251201T025727
[2025-12-01T02:57:27.155+0000] {local_task_job_runner.py:234} INFO - Task exited with return code 0
[2025-12-01T02:57:27.172+0000] {taskinstance.py:3309} INFO - 0 downstream tasks scheduled from follow-on schedule check
