[2025-12-02T23:06:21.628+0000] {taskinstance.py:1979} INFO - Dependencies all met for dep_context=non-requeueable deps ti=<TaskInstance: pipeline_analytics_master.upload_parquet_hdfs scheduled__2025-12-01T02:00:00+00:00 [queued]>
[2025-12-02T23:06:21.633+0000] {taskinstance.py:1979} INFO - Dependencies all met for dep_context=requeueable deps ti=<TaskInstance: pipeline_analytics_master.upload_parquet_hdfs scheduled__2025-12-01T02:00:00+00:00 [queued]>
[2025-12-02T23:06:21.633+0000] {taskinstance.py:2193} INFO - Starting attempt 2 of 2
[2025-12-02T23:06:21.643+0000] {taskinstance.py:2214} INFO - Executing <Task(TriggerDagRunOperator): upload_parquet_hdfs> on 2025-12-01 02:00:00+00:00
[2025-12-02T23:06:21.646+0000] {standard_task_runner.py:60} INFO - Started process 2000 to run task
[2025-12-02T23:06:21.648+0000] {standard_task_runner.py:87} INFO - Running: ['***', 'tasks', 'run', 'pipeline_analytics_master', 'upload_parquet_hdfs', 'scheduled__2025-12-01T02:00:00+00:00', '--job-id', '387', '--raw', '--subdir', 'DAGS_FOLDER/pipeline_analytics_master.py', '--cfg-path', '/tmp/tmpn6q7bk06']
[2025-12-02T23:06:21.649+0000] {standard_task_runner.py:88} INFO - Job 387: Subtask upload_parquet_hdfs
[2025-12-02T23:06:21.687+0000] {task_command.py:423} INFO - Running <TaskInstance: pipeline_analytics_master.upload_parquet_hdfs scheduled__2025-12-01T02:00:00+00:00 [running]> on host 0ec15cef88e3
[2025-12-02T23:06:21.859+0000] {taskinstance.py:2510} INFO - Exporting env vars: AIRFLOW_CTX_DAG_OWNER='etl' AIRFLOW_CTX_DAG_ID='pipeline_analytics_master' AIRFLOW_CTX_TASK_ID='upload_parquet_hdfs' AIRFLOW_CTX_EXECUTION_DATE='2025-12-01T02:00:00+00:00' AIRFLOW_CTX_TRY_NUMBER='2' AIRFLOW_CTX_DAG_RUN_ID='scheduled__2025-12-01T02:00:00+00:00'
[2025-12-02T23:06:21.906+0000] {trigger_dagrun.py:210} INFO - Waiting for upload_slices_hdfs on 2025-12-02 23:06:21.859850+00:00 to become allowed state ['success'] ...
[2025-12-02T23:07:27.190+0000] {trigger_dagrun.py:210} INFO - Waiting for upload_slices_hdfs on 2025-12-02 23:06:21.859850+00:00 to become allowed state ['success'] ...
[2025-12-02T23:08:32.628+0000] {trigger_dagrun.py:210} INFO - Waiting for upload_slices_hdfs on 2025-12-02 23:06:21.859850+00:00 to become allowed state ['success'] ...
[2025-12-02T23:09:38.127+0000] {trigger_dagrun.py:210} INFO - Waiting for upload_slices_hdfs on 2025-12-02 23:06:21.859850+00:00 to become allowed state ['success'] ...
[2025-12-02T23:10:43.582+0000] {trigger_dagrun.py:210} INFO - Waiting for upload_slices_hdfs on 2025-12-02 23:06:21.859850+00:00 to become allowed state ['success'] ...
[2025-12-02T23:11:40.341+0000] {local_task_job_runner.py:121} ERROR - Received SIGTERM. Terminating subprocesses
[2025-12-02T23:11:40.351+0000] {process_utils.py:131} INFO - Sending 15 to group 2000. PIDs of all processes in the group: [2000]
[2025-12-02T23:11:40.352+0000] {process_utils.py:86} INFO - Sending the signal 15 to group 2000
[2025-12-02T23:11:40.352+0000] {taskinstance.py:2480} ERROR - Received SIGTERM. Terminating subprocesses.
[2025-12-02T23:11:40.371+0000] {taskinstance.py:2728} ERROR - Task failed with exception
Traceback (most recent call last):
  File "/home/airflow/.local/lib/python3.11/site-packages/airflow/models/taskinstance.py", line 444, in _execute_task
    result = _execute_callable(context=context, **execute_callable_kwargs)
             ^^^^^^^^^^^^^^^^^^^^^^^^^^^^^^^^^^^^^^^^^^^^^^^^^^^^^^^^^^^^^
  File "/home/airflow/.local/lib/python3.11/site-packages/airflow/models/taskinstance.py", line 414, in _execute_callable
    return execute_callable(context=context, **execute_callable_kwargs)
           ^^^^^^^^^^^^^^^^^^^^^^^^^^^^^^^^^^^^^^^^^^^^^^^^^^^^^^^^^^^^
  File "/home/airflow/.local/lib/python3.11/site-packages/airflow/operators/trigger_dagrun.py", line 216, in execute
    time.sleep(self.poke_interval)
  File "/home/airflow/.local/lib/python3.11/site-packages/airflow/models/taskinstance.py", line 2482, in signal_handler
    raise AirflowException("Task received SIGTERM signal")
airflow.exceptions.AirflowException: Task received SIGTERM signal
[2025-12-02T23:11:40.375+0000] {taskinstance.py:1149} INFO - Marking task as FAILED. dag_id=pipeline_analytics_master, task_id=upload_parquet_hdfs, execution_date=20251201T020000, start_date=20251202T230621, end_date=20251202T231140
[2025-12-02T23:11:40.397+0000] {standard_task_runner.py:107} ERROR - Failed to execute job 387 for task upload_parquet_hdfs (Task received SIGTERM signal; 2000)
[2025-12-02T23:11:40.455+0000] {process_utils.py:79} INFO - Process psutil.Process(pid=2000, status='terminated', exitcode=1, started='23:06:21') (2000) terminated with exit code 1
[2025-12-02T23:11:40.456+0000] {local_task_job_runner.py:234} INFO - Task exited with return code 143
[2025-12-02T23:11:40.476+0000] {taskinstance.py:3309} INFO - 0 downstream tasks scheduled from follow-on schedule check
