[2025-12-02T22:59:00.409+0000] {taskinstance.py:1979} INFO - Dependencies all met for dep_context=non-requeueable deps ti=<TaskInstance: pipeline_analytics_master.upload_parquet_hdfs scheduled__2025-12-01T02:00:00+00:00 [queued]>
[2025-12-02T22:59:00.414+0000] {taskinstance.py:1979} INFO - Dependencies all met for dep_context=requeueable deps ti=<TaskInstance: pipeline_analytics_master.upload_parquet_hdfs scheduled__2025-12-01T02:00:00+00:00 [queued]>
[2025-12-02T22:59:00.415+0000] {taskinstance.py:2193} INFO - Starting attempt 1 of 2
[2025-12-02T22:59:00.422+0000] {taskinstance.py:2214} INFO - Executing <Task(TriggerDagRunOperator): upload_parquet_hdfs> on 2025-12-01 02:00:00+00:00
[2025-12-02T22:59:00.425+0000] {standard_task_runner.py:60} INFO - Started process 817 to run task
[2025-12-02T22:59:00.427+0000] {standard_task_runner.py:87} INFO - Running: ['***', 'tasks', 'run', 'pipeline_analytics_master', 'upload_parquet_hdfs', 'scheduled__2025-12-01T02:00:00+00:00', '--job-id', '371', '--raw', '--subdir', 'DAGS_FOLDER/pipeline_analytics_master.py', '--cfg-path', '/tmp/tmpmnjax3ru']
[2025-12-02T22:59:00.429+0000] {standard_task_runner.py:88} INFO - Job 371: Subtask upload_parquet_hdfs
[2025-12-02T22:59:00.458+0000] {task_command.py:423} INFO - Running <TaskInstance: pipeline_analytics_master.upload_parquet_hdfs scheduled__2025-12-01T02:00:00+00:00 [running]> on host 0ec15cef88e3
[2025-12-02T22:59:00.732+0000] {taskinstance.py:2510} INFO - Exporting env vars: AIRFLOW_CTX_DAG_OWNER='etl' AIRFLOW_CTX_DAG_ID='pipeline_analytics_master' AIRFLOW_CTX_TASK_ID='upload_parquet_hdfs' AIRFLOW_CTX_EXECUTION_DATE='2025-12-01T02:00:00+00:00' AIRFLOW_CTX_TRY_NUMBER='1' AIRFLOW_CTX_DAG_RUN_ID='scheduled__2025-12-01T02:00:00+00:00'
[2025-12-02T22:59:00.772+0000] {trigger_dagrun.py:210} INFO - Waiting for upload_slices_hdfs on 2025-12-02 22:59:00.733122+00:00 to become allowed state ['success'] ...
[2025-12-02T23:00:05.691+0000] {trigger_dagrun.py:210} INFO - Waiting for upload_slices_hdfs on 2025-12-02 22:59:00.733122+00:00 to become allowed state ['success'] ...
[2025-12-02T23:01:10.582+0000] {trigger_dagrun.py:210} INFO - Waiting for upload_slices_hdfs on 2025-12-02 22:59:00.733122+00:00 to become allowed state ['success'] ...
[2025-12-02T23:02:15.144+0000] {trigger_dagrun.py:210} INFO - Waiting for upload_slices_hdfs on 2025-12-02 22:59:00.733122+00:00 to become allowed state ['success'] ...
[2025-12-02T23:03:20.631+0000] {taskinstance.py:2728} ERROR - Task failed with exception
Traceback (most recent call last):
  File "/home/airflow/.local/lib/python3.11/site-packages/airflow/models/taskinstance.py", line 444, in _execute_task
    result = _execute_callable(context=context, **execute_callable_kwargs)
             ^^^^^^^^^^^^^^^^^^^^^^^^^^^^^^^^^^^^^^^^^^^^^^^^^^^^^^^^^^^^^
  File "/home/airflow/.local/lib/python3.11/site-packages/airflow/models/taskinstance.py", line 414, in _execute_callable
    return execute_callable(context=context, **execute_callable_kwargs)
           ^^^^^^^^^^^^^^^^^^^^^^^^^^^^^^^^^^^^^^^^^^^^^^^^^^^^^^^^^^^^
  File "/home/airflow/.local/lib/python3.11/site-packages/airflow/operators/trigger_dagrun.py", line 221, in execute
    raise AirflowException(f"{self.trigger_dag_id} failed with failed states {state}")
airflow.exceptions.AirflowException: upload_slices_hdfs failed with failed states failed
[2025-12-02T23:03:20.636+0000] {taskinstance.py:1149} INFO - Marking task as UP_FOR_RETRY. dag_id=pipeline_analytics_master, task_id=upload_parquet_hdfs, execution_date=20251201T020000, start_date=20251202T225900, end_date=20251202T230320
[2025-12-02T23:03:20.646+0000] {standard_task_runner.py:107} ERROR - Failed to execute job 371 for task upload_parquet_hdfs (upload_slices_hdfs failed with failed states failed; 817)
[2025-12-02T23:03:20.680+0000] {local_task_job_runner.py:234} INFO - Task exited with return code 1
[2025-12-02T23:03:20.693+0000] {taskinstance.py:3309} INFO - 0 downstream tasks scheduled from follow-on schedule check
