[2025-12-03T00:55:01.862+0000] {taskinstance.py:1979} INFO - Dependencies all met for dep_context=non-requeueable deps ti=<TaskInstance: carga_fato_vendas.load_fato_vendas manual__2025-12-03T00:55:01.303982+00:00 [queued]>
[2025-12-03T00:55:01.870+0000] {taskinstance.py:1979} INFO - Dependencies all met for dep_context=requeueable deps ti=<TaskInstance: carga_fato_vendas.load_fato_vendas manual__2025-12-03T00:55:01.303982+00:00 [queued]>
[2025-12-03T00:55:01.870+0000] {taskinstance.py:2193} INFO - Starting attempt 1 of 3
[2025-12-03T00:55:01.882+0000] {taskinstance.py:2214} INFO - Executing <Task(_PythonDecoratedOperator): load_fato_vendas> on 2025-12-03 00:55:01.303982+00:00
[2025-12-03T00:55:01.885+0000] {standard_task_runner.py:60} INFO - Started process 1027 to run task
[2025-12-03T00:55:01.893+0000] {standard_task_runner.py:87} INFO - Running: ['***', 'tasks', 'run', 'carga_fato_vendas', 'load_fato_vendas', 'manual__2025-12-03T00:55:01.303982+00:00', '--job-id', '544', '--raw', '--subdir', 'DAGS_FOLDER/carga_fato_vendas.py', '--cfg-path', '/tmp/tmpt2uunxar']
[2025-12-03T00:55:01.895+0000] {standard_task_runner.py:88} INFO - Job 544: Subtask load_fato_vendas
[2025-12-03T00:55:02.173+0000] {task_command.py:423} INFO - Running <TaskInstance: carga_fato_vendas.load_fato_vendas manual__2025-12-03T00:55:01.303982+00:00 [running]> on host 08128b82813d
[2025-12-03T00:55:02.252+0000] {taskinstance.py:2510} INFO - Exporting env vars: AIRFLOW_CTX_DAG_OWNER='etl' AIRFLOW_CTX_DAG_ID='carga_fato_vendas' AIRFLOW_CTX_TASK_ID='load_fato_vendas' AIRFLOW_CTX_EXECUTION_DATE='2025-12-03T00:55:01.303982+00:00' AIRFLOW_CTX_TRY_NUMBER='1' AIRFLOW_CTX_DAG_RUN_ID='manual__2025-12-03T00:55:01.303982+00:00'
[2025-12-03T00:55:02.253+0000] {logging_mixin.py:188} INFO - 
=== Iniciando carga da FatoVendas ===
[2025-12-03T00:55:03.232+0000] {logging_mixin.py:188} INFO - Último VendasKey carregado: 321720
[2025-12-03T00:55:04.029+0000] {logging_mixin.py:188} INFO - Encontrados 984 novos registros para carga.
[2025-12-03T00:55:04.853+0000] {logging_mixin.py:188} INFO - [WARN] ClienteID 2275 não encontrado. Pulando.
[2025-12-03T00:55:04.854+0000] {logging_mixin.py:188} INFO - [WARN] ClienteID 2275 não encontrado. Pulando.
[2025-12-03T00:55:04.854+0000] {logging_mixin.py:188} INFO - [WARN] ClienteID 2275 não encontrado. Pulando.
[2025-12-03T00:55:04.855+0000] {logging_mixin.py:188} INFO - [WARN] ClienteID 2275 não encontrado. Pulando.
[2025-12-03T00:55:05.234+0000] {logging_mixin.py:188} INFO - FatoVendas - 980 registros inseridos com sucesso.
[2025-12-03T00:55:05.235+0000] {python.py:202} INFO - Done. Returned value was: None
[2025-12-03T00:55:05.240+0000] {taskinstance.py:1149} INFO - Marking task as SUCCESS. dag_id=carga_fato_vendas, task_id=load_fato_vendas, execution_date=20251203T005501, start_date=20251203T005501, end_date=20251203T005505
[2025-12-03T00:55:05.274+0000] {local_task_job_runner.py:234} INFO - Task exited with return code 0
[2025-12-03T00:55:05.383+0000] {taskinstance.py:3309} INFO - 0 downstream tasks scheduled from follow-on schedule check
