[2025-11-25T18:10:01.133+0000] {taskinstance.py:1979} INFO - Dependencies all met for dep_context=non-requeueable deps ti=<TaskInstance: carga_dim_categoria.load_dim_categoria scheduled__2025-11-25T18:00:00+00:00 [queued]>
[2025-11-25T18:10:01.138+0000] {taskinstance.py:1979} INFO - Dependencies all met for dep_context=requeueable deps ti=<TaskInstance: carga_dim_categoria.load_dim_categoria scheduled__2025-11-25T18:00:00+00:00 [queued]>
[2025-11-25T18:10:01.138+0000] {taskinstance.py:2193} INFO - Starting attempt 1 of 3
[2025-11-25T18:10:01.146+0000] {taskinstance.py:2214} INFO - Executing <Task(_PythonDecoratedOperator): load_dim_categoria> on 2025-11-25 18:00:00+00:00
[2025-11-25T18:10:01.149+0000] {standard_task_runner.py:60} INFO - Started process 483 to run task
[2025-11-25T18:10:01.151+0000] {standard_task_runner.py:87} INFO - Running: ['***', 'tasks', 'run', 'carga_dim_categoria', 'load_dim_categoria', 'scheduled__2025-11-25T18:00:00+00:00', '--job-id', '16', '--raw', '--subdir', 'DAGS_FOLDER/Carga_Dim_Categoria.py', '--cfg-path', '/tmp/tmpiptv8sxb']
[2025-11-25T18:10:01.153+0000] {standard_task_runner.py:88} INFO - Job 16: Subtask load_dim_categoria
[2025-11-25T18:10:01.310+0000] {task_command.py:423} INFO - Running <TaskInstance: carga_dim_categoria.load_dim_categoria scheduled__2025-11-25T18:00:00+00:00 [running]> on host 69af5b16dac8
[2025-11-25T18:10:01.354+0000] {taskinstance.py:2510} INFO - Exporting env vars: AIRFLOW_CTX_DAG_OWNER='etl' AIRFLOW_CTX_DAG_ID='carga_dim_categoria' AIRFLOW_CTX_TASK_ID='load_dim_categoria' AIRFLOW_CTX_EXECUTION_DATE='2025-11-25T18:00:00+00:00' AIRFLOW_CTX_TRY_NUMBER='1' AIRFLOW_CTX_DAG_RUN_ID='scheduled__2025-11-25T18:00:00+00:00'
[2025-11-25T18:10:01.355+0000] {logging_mixin.py:188} INFO - 
=== Iniciando carga da DimCategoria ===
[2025-11-25T18:10:01.355+0000] {logging_mixin.py:188} INFO - [ERRO] Tentativa 1/5 ao conectar:
[2025-11-25T18:10:01.355+0000] {logging_mixin.py:188} INFO - connection to server on socket "/var/run/postgresql/.s.PGSQL.5432" failed: No such file or directory
	Is the server running locally and accepting connections on that socket?
[2025-11-25T18:10:01.355+0000] {logging_mixin.py:188} INFO - Novamente em 3s...
[2025-11-25T18:10:04.356+0000] {logging_mixin.py:188} INFO - [ERRO] Tentativa 2/5 ao conectar:
[2025-11-25T18:10:04.356+0000] {logging_mixin.py:188} INFO - connection to server on socket "/var/run/postgresql/.s.PGSQL.5432" failed: No such file or directory
	Is the server running locally and accepting connections on that socket?
[2025-11-25T18:10:04.356+0000] {logging_mixin.py:188} INFO - Novamente em 3s...
[2025-11-25T18:10:07.357+0000] {logging_mixin.py:188} INFO - [ERRO] Tentativa 3/5 ao conectar:
[2025-11-25T18:10:07.357+0000] {logging_mixin.py:188} INFO - connection to server on socket "/var/run/postgresql/.s.PGSQL.5432" failed: No such file or directory
	Is the server running locally and accepting connections on that socket?
[2025-11-25T18:10:07.357+0000] {logging_mixin.py:188} INFO - Novamente em 3s...
[2025-11-25T18:10:10.358+0000] {logging_mixin.py:188} INFO - [ERRO] Tentativa 4/5 ao conectar:
[2025-11-25T18:10:10.359+0000] {logging_mixin.py:188} INFO - connection to server on socket "/var/run/postgresql/.s.PGSQL.5432" failed: No such file or directory
	Is the server running locally and accepting connections on that socket?
[2025-11-25T18:10:10.359+0000] {logging_mixin.py:188} INFO - Novamente em 3s...
[2025-11-25T18:10:13.360+0000] {logging_mixin.py:188} INFO - [ERRO] Tentativa 5/5 ao conectar:
[2025-11-25T18:10:13.360+0000] {logging_mixin.py:188} INFO - connection to server on socket "/var/run/postgresql/.s.PGSQL.5432" failed: No such file or directory
	Is the server running locally and accepting connections on that socket?
[2025-11-25T18:10:13.360+0000] {logging_mixin.py:188} INFO - Falha após várias tentativas.
[2025-11-25T18:10:13.360+0000] {taskinstance.py:2728} ERROR - Task failed with exception
Traceback (most recent call last):
  File "/home/airflow/.local/lib/python3.11/site-packages/airflow/models/taskinstance.py", line 444, in _execute_task
    result = _execute_callable(context=context, **execute_callable_kwargs)
             ^^^^^^^^^^^^^^^^^^^^^^^^^^^^^^^^^^^^^^^^^^^^^^^^^^^^^^^^^^^^^
  File "/home/airflow/.local/lib/python3.11/site-packages/airflow/models/taskinstance.py", line 414, in _execute_callable
    return execute_callable(context=context, **execute_callable_kwargs)
           ^^^^^^^^^^^^^^^^^^^^^^^^^^^^^^^^^^^^^^^^^^^^^^^^^^^^^^^^^^^^
  File "/home/airflow/.local/lib/python3.11/site-packages/airflow/decorators/base.py", line 241, in execute
    return_value = super().execute(context)
                   ^^^^^^^^^^^^^^^^^^^^^^^^
  File "/home/airflow/.local/lib/python3.11/site-packages/airflow/operators/python.py", line 200, in execute
    return_value = self.execute_callable()
                   ^^^^^^^^^^^^^^^^^^^^^^^
  File "/home/airflow/.local/lib/python3.11/site-packages/airflow/operators/python.py", line 217, in execute_callable
    return self.python_callable(*self.op_args, **self.op_kwargs)
           ^^^^^^^^^^^^^^^^^^^^^^^^^^^^^^^^^^^^^^^^^^^^^^^^^^^^^
  File "/opt/airflow/dags/Carga_Dim_Categoria.py", line 34, in load_dim_categoria
    pg_conn, pg_cur = get_postgres_cursor()
                      ^^^^^^^^^^^^^^^^^^^^^
  File "/opt/airflow/dags/database.py", line 89, in get_postgres_cursor
    conn = get_postgres_conn()
           ^^^^^^^^^^^^^^^^^^^
  File "/opt/airflow/dags/database.py", line 47, in wrapper
    return func(*args, **kwargs)
           ^^^^^^^^^^^^^^^^^^^^^
  File "/opt/airflow/dags/database.py", line 65, in get_postgres_conn
    return psycopg2.connect(**PG_CONFIG)
           ^^^^^^^^^^^^^^^^^^^^^^^^^^^^^
  File "/home/airflow/.local/lib/python3.11/site-packages/psycopg2/__init__.py", line 122, in connect
    conn = _connect(dsn, connection_factory=connection_factory, **kwasync)
           ^^^^^^^^^^^^^^^^^^^^^^^^^^^^^^^^^^^^^^^^^^^^^^^^^^^^^^^^^^^^^^^
psycopg2.OperationalError: connection to server on socket "/var/run/postgresql/.s.PGSQL.5432" failed: No such file or directory
	Is the server running locally and accepting connections on that socket?

[2025-11-25T18:10:13.367+0000] {taskinstance.py:1149} INFO - Marking task as UP_FOR_RETRY. dag_id=carga_dim_categoria, task_id=load_dim_categoria, execution_date=20251125T180000, start_date=20251125T181001, end_date=20251125T181013
[2025-11-25T18:10:13.377+0000] {standard_task_runner.py:107} ERROR - Failed to execute job 16 for task load_dim_categoria (connection to server on socket "/var/run/postgresql/.s.PGSQL.5432" failed: No such file or directory
	Is the server running locally and accepting connections on that socket?
; 483)
[2025-11-25T18:10:13.407+0000] {local_task_job_runner.py:234} INFO - Task exited with return code 1
[2025-11-25T18:10:13.550+0000] {taskinstance.py:3309} INFO - 0 downstream tasks scheduled from follow-on schedule check
