[2025-12-01T03:48:35.723+0000] {taskinstance.py:1979} INFO - Dependencies all met for dep_context=non-requeueable deps ti=<TaskInstance: upload_slices_hdfs.upload_to_hdfs manual__2025-12-01T03:44:28.529594+00:00 [queued]>
[2025-12-01T03:48:35.728+0000] {taskinstance.py:1979} INFO - Dependencies all met for dep_context=requeueable deps ti=<TaskInstance: upload_slices_hdfs.upload_to_hdfs manual__2025-12-01T03:44:28.529594+00:00 [queued]>
[2025-12-01T03:48:35.728+0000] {taskinstance.py:2193} INFO - Starting attempt 3 of 3
[2025-12-01T03:48:35.737+0000] {taskinstance.py:2214} INFO - Executing <Task(_PythonDecoratedOperator): upload_to_hdfs> on 2025-12-01 03:44:28.529594+00:00
[2025-12-01T03:48:35.741+0000] {standard_task_runner.py:60} INFO - Started process 928 to run task
[2025-12-01T03:48:35.744+0000] {standard_task_runner.py:87} INFO - Running: ['***', 'tasks', 'run', 'upload_slices_hdfs', 'upload_to_hdfs', 'manual__2025-12-01T03:44:28.529594+00:00', '--job-id', '312', '--raw', '--subdir', 'DAGS_FOLDER/upload_slices_hdfs_dag.py', '--cfg-path', '/tmp/tmpbmywrm_7']
[2025-12-01T03:48:35.746+0000] {standard_task_runner.py:88} INFO - Job 312: Subtask upload_to_hdfs
[2025-12-01T03:48:35.785+0000] {task_command.py:423} INFO - Running <TaskInstance: upload_slices_hdfs.upload_to_hdfs manual__2025-12-01T03:44:28.529594+00:00 [running]> on host f3f25a845775
[2025-12-01T03:48:35.839+0000] {taskinstance.py:2510} INFO - Exporting env vars: AIRFLOW_CTX_DAG_OWNER='etl' AIRFLOW_CTX_DAG_ID='upload_slices_hdfs' AIRFLOW_CTX_TASK_ID='upload_to_hdfs' AIRFLOW_CTX_EXECUTION_DATE='2025-12-01T03:44:28.529594+00:00' AIRFLOW_CTX_TRY_NUMBER='3' AIRFLOW_CTX_DAG_RUN_ID='manual__2025-12-01T03:44:28.529594+00:00'
[2025-12-01T03:48:35.840+0000] {logging_mixin.py:188} INFO - === Enviando slices para o HDFS em formato Parquet ===
[2025-12-01T03:48:35.840+0000] {logging_mixin.py:188} INFO - 🔌 Conectando ao HDFS...
[2025-12-01T03:48:35.841+0000] {logging_mixin.py:188} INFO - >> Rodando em Docker — usando namenode:9870
[2025-12-01T03:48:35.842+0000] {client.py:192} INFO - Instantiated <InsecureClient(url='http://namenode:9870')>.
[2025-12-01T03:48:35.843+0000] {taskinstance.py:2728} ERROR - Task failed with exception
Traceback (most recent call last):
  File "/home/airflow/.local/lib/python3.11/site-packages/airflow/models/taskinstance.py", line 444, in _execute_task
    result = _execute_callable(context=context, **execute_callable_kwargs)
             ^^^^^^^^^^^^^^^^^^^^^^^^^^^^^^^^^^^^^^^^^^^^^^^^^^^^^^^^^^^^^
  File "/home/airflow/.local/lib/python3.11/site-packages/airflow/models/taskinstance.py", line 414, in _execute_callable
    return execute_callable(context=context, **execute_callable_kwargs)
           ^^^^^^^^^^^^^^^^^^^^^^^^^^^^^^^^^^^^^^^^^^^^^^^^^^^^^^^^^^^^
  File "/home/airflow/.local/lib/python3.11/site-packages/airflow/decorators/base.py", line 241, in execute
    return_value = super().execute(context)
                   ^^^^^^^^^^^^^^^^^^^^^^^^
  File "/home/airflow/.local/lib/python3.11/site-packages/airflow/operators/python.py", line 200, in execute
    return_value = self.execute_callable()
                   ^^^^^^^^^^^^^^^^^^^^^^^
  File "/home/airflow/.local/lib/python3.11/site-packages/airflow/operators/python.py", line 217, in execute_callable
    return self.python_callable(*self.op_args, **self.op_kwargs)
           ^^^^^^^^^^^^^^^^^^^^^^^^^^^^^^^^^^^^^^^^^^^^^^^^^^^^^
  File "/opt/airflow/dags/upload_slices_hdfs_dag.py", line 36, in upload_to_hdfs
    run_upload_hdfs()
  File "/opt/airflow/scripts/load_csv_to_hdfs.py", line 92, in main
    load_atrasos(client)
  File "/opt/airflow/scripts/load_csv_to_hdfs.py", line 71, in load_atrasos
    df = pd.read_csv(path)
         ^^^^^^^^^^^^^^^^^
  File "/home/airflow/.local/lib/python3.11/site-packages/pandas/io/parsers/readers.py", line 948, in read_csv
    return _read(filepath_or_buffer, kwds)
           ^^^^^^^^^^^^^^^^^^^^^^^^^^^^^^^
  File "/home/airflow/.local/lib/python3.11/site-packages/pandas/io/parsers/readers.py", line 611, in _read
    parser = TextFileReader(filepath_or_buffer, **kwds)
             ^^^^^^^^^^^^^^^^^^^^^^^^^^^^^^^^^^^^^^^^^^
  File "/home/airflow/.local/lib/python3.11/site-packages/pandas/io/parsers/readers.py", line 1448, in __init__
    self._engine = self._make_engine(f, self.engine)
                   ^^^^^^^^^^^^^^^^^^^^^^^^^^^^^^^^^
  File "/home/airflow/.local/lib/python3.11/site-packages/pandas/io/parsers/readers.py", line 1705, in _make_engine
    self.handles = get_handle(
                   ^^^^^^^^^^^
  File "/home/airflow/.local/lib/python3.11/site-packages/pandas/io/common.py", line 863, in get_handle
    handle = open(
             ^^^^^
FileNotFoundError: [Errno 2] No such file or directory: './data_slices_csv/atrasos.csv'
[2025-12-01T03:48:35.851+0000] {taskinstance.py:1149} INFO - Marking task as FAILED. dag_id=upload_slices_hdfs, task_id=upload_to_hdfs, execution_date=20251201T034428, start_date=20251201T034835, end_date=20251201T034835
[2025-12-01T03:48:35.858+0000] {standard_task_runner.py:107} ERROR - Failed to execute job 312 for task upload_to_hdfs ([Errno 2] No such file or directory: './data_slices_csv/atrasos.csv'; 928)
[2025-12-01T03:48:35.876+0000] {local_task_job_runner.py:234} INFO - Task exited with return code 1
[2025-12-01T03:48:35.888+0000] {taskinstance.py:3309} INFO - 0 downstream tasks scheduled from follow-on schedule check
