2025-12-03 00:50:55,589 INFO org.apache.hadoop.hdfs.server.namenode.NameNode - STARTUP_MSG: 
/************************************************************
STARTUP_MSG: Starting NameNode
STARTUP_MSG:   host = namenode/172.18.0.4
STARTUP_MSG:   args = []
STARTUP_MSG:   version = 3.3.6
STARTUP_MSG:   classpath = /opt/hadoop/etc/hadoop:/opt/hadoop/share/hadoop/common/lib/curator-framework-5.2.0.jar:/opt/hadoop/share/hadoop/common/lib/jersey-core-1.19.4.jar:/opt/hadoop/share/hadoop/common/lib/jakarta.activation-api-1.2.1.jar:/opt/hadoop/share/hadoop/common/lib/avro-1.7.7.jar:/opt/hadoop/share/hadoop/common/lib/commons-net-3.9.0.jar:/opt/hadoop/share/hadoop/common/lib/netty-codec-4.1.89.Final.jar:/opt/hadoop/share/hadoop/common/lib/jackson-annotations-2.12.7.jar:/opt/hadoop/share/hadoop/common/lib/jetty-server-9.4.51.v20230217.jar:/opt/hadoop/share/hadoop/common/lib/netty-codec-http2-4.1.89.Final.jar:/opt/hadoop/share/hadoop/common/lib/audience-annotations-0.5.0.jar:/opt/hadoop/share/hadoop/common/lib/kerb-common-1.0.1.jar:/opt/hadoop/share/hadoop/common/lib/commons-lang3-3.12.0.jar:/opt/hadoop/share/hadoop/common/lib/netty-transport-classes-epoll-4.1.89.Final.jar:/opt/hadoop/share/hadoop/common/lib/httpcore-4.4.13.jar:/opt/hadoop/share/hadoop/common/lib/kerby-asn1-1.0.1.jar:/opt/hadoop/share/hadoop/common/lib/netty-handler-4.1.89.Final.jar:/opt/hadoop/share/hadoop/common/lib/kerb-simplekdc-1.0.1.jar:/opt/hadoop/share/hadoop/common/lib/slf4j-reload4j-1.7.36.jar:/opt/hadoop/share/hadoop/common/lib/dnsjava-2.1.7.jar:/opt/hadoop/share/hadoop/common/lib/paranamer-2.3.jar:/opt/hadoop/share/hadoop/common/lib/jackson-core-2.12.7.jar:/opt/hadoop/share/hadoop/common/lib/snappy-java-1.1.8.2.jar:/opt/hadoop/share/hadoop/common/lib/netty-transport-udt-4.1.89.Final.jar:/opt/hadoop/share/hadoop/common/lib/jersey-json-1.20.jar:/opt/hadoop/share/hadoop/common/lib/metrics-core-3.2.4.jar:/opt/hadoop/share/hadoop/common/lib/netty-transport-native-unix-common-4.1.89.Final.jar:/opt/hadoop/share/hadoop/common/lib/jackson-core-asl-1.9.13.jar:/opt/hadoop/share/hadoop/common/lib/netty-common-4.1.89.Final.jar:/opt/hadoop/share/hadoop/common/lib/kerby-config-1.0.1.jar:/opt/hadoop/share/hadoop/common/lib/jackson-mapper-asl-1.9.13.jar:/opt/hadoop/share/hadoop/common/lib/commons-codec-1.15.jar:/opt/hadoop/share/hadoop/common/lib/netty-codec-stomp-4.1.89.Final.jar:/opt/hadoop/share/hadoop/common/lib/protobuf-java-2.5.0.jar:/opt/hadoop/share/hadoop/common/lib/jersey-servlet-1.19.4.jar:/opt/hadoop/share/hadoop/common/lib/commons-configuration2-2.8.0.jar:/opt/hadoop/share/hadoop/common/lib/commons-collections-3.2.2.jar:/opt/hadoop/share/hadoop/common/lib/netty-handler-proxy-4.1.89.Final.jar:/opt/hadoop/share/hadoop/common/lib/jsr311-api-1.1.1.jar:/opt/hadoop/share/hadoop/common/lib/jetty-util-ajax-9.4.51.v20230217.jar:/opt/hadoop/share/hadoop/common/lib/hadoop-annotations-3.3.6.jar:/opt/hadoop/share/hadoop/common/lib/jetty-security-9.4.51.v20230217.jar:/opt/hadoop/share/hadoop/common/lib/commons-beanutils-1.9.4.jar:/opt/hadoop/share/hadoop/common/lib/kerb-client-1.0.1.jar:/opt/hadoop/share/hadoop/common/lib/jetty-io-9.4.51.v20230217.jar:/opt/hadoop/share/hadoop/common/lib/kerb-crypto-1.0.1.jar:/opt/hadoop/share/hadoop/common/lib/commons-logging-1.1.3.jar:/opt/hadoop/share/hadoop/common/lib/j2objc-annotations-1.1.jar:/opt/hadoop/share/hadoop/common/lib/commons-math3-3.1.1.jar:/opt/hadoop/share/hadoop/common/lib/netty-transport-native-epoll-4.1.89.Final-linux-aarch_64.jar:/opt/hadoop/share/hadoop/common/lib/commons-text-1.10.0.jar:/opt/hadoop/share/hadoop/common/lib/netty-codec-xml-4.1.89.Final.jar:/opt/hadoop/share/hadoop/common/lib/netty-all-4.1.89.Final.jar:/opt/hadoop/share/hadoop/common/lib/kerby-xdr-1.0.1.jar:/opt/hadoop/share/hadoop/common/lib/netty-resolver-dns-classes-macos-4.1.89.Final.jar:/opt/hadoop/share/hadoop/common/lib/jetty-http-9.4.51.v20230217.jar:/opt/hadoop/share/hadoop/common/lib/kerb-server-1.0.1.jar:/opt/hadoop/share/hadoop/common/lib/jsr305-3.0.2.jar:/opt/hadoop/share/hadoop/common/lib/netty-codec-mqtt-4.1.89.Final.jar:/opt/hadoop/share/hadoop/common/lib/netty-resolver-dns-native-macos-4.1.89.Final-osx-aarch_64.jar:/opt/hadoop/share/hadoop/common/lib/hadoop-auth-3.3.6.jar:/opt/hadoop/share/hadoop/common/lib/jsp-api-2.1.jar:/opt/hadoop/share/hadoop/common/lib/jetty-webapp-9.4.51.v20230217.jar:/opt/hadoop/share/hadoop/common/lib/zookeeper-3.6.3.jar:/opt/hadoop/share/hadoop/common/lib/animal-sniffer-annotations-1.17.jar:/opt/hadoop/share/hadoop/common/lib/gson-2.9.0.jar:/opt/hadoop/share/hadoop/common/lib/jsch-0.1.55.jar:/opt/hadoop/share/hadoop/common/lib/failureaccess-1.0.jar:/opt/hadoop/share/hadoop/common/lib/netty-transport-native-epoll-4.1.89.Final-linux-x86_64.jar:/opt/hadoop/share/hadoop/common/lib/httpclient-4.5.13.jar:/opt/hadoop/share/hadoop/common/lib/netty-resolver-dns-4.1.89.Final.jar:/opt/hadoop/share/hadoop/common/lib/netty-resolver-dns-native-macos-4.1.89.Final-osx-x86_64.jar:/opt/hadoop/share/hadoop/common/lib/nimbus-jose-jwt-9.8.1.jar:/opt/hadoop/share/hadoop/common/lib/stax2-api-4.2.1.jar:/opt/hadoop/share/hadoop/common/lib/netty-handler-ssl-ocsp-4.1.89.Final.jar:/opt/hadoop/share/hadoop/common/lib/jaxb-api-2.2.11.jar:/opt/hadoop/share/hadoop/common/lib/netty-codec-dns-4.1.89.Final.jar:/opt/hadoop/share/hadoop/common/lib/curator-recipes-5.2.0.jar:/opt/hadoop/share/hadoop/common/lib/commons-compress-1.21.jar:/opt/hadoop/share/hadoop/common/lib/kerby-pkix-1.0.1.jar:/opt/hadoop/share/hadoop/common/lib/netty-transport-native-kqueue-4.1.89.Final-osx-aarch_64.jar:/opt/hadoop/share/hadoop/common/lib/jcip-annotations-1.0-1.jar:/opt/hadoop/share/hadoop/common/lib/jetty-util-9.4.51.v20230217.jar:/opt/hadoop/share/hadoop/common/lib/commons-daemon-1.0.13.jar:/opt/hadoop/share/hadoop/common/lib/token-provider-1.0.1.jar:/opt/hadoop/share/hadoop/common/lib/checker-qual-2.5.2.jar:/opt/hadoop/share/hadoop/common/lib/guava-27.0-jre.jar:/opt/hadoop/share/hadoop/common/lib/jetty-xml-9.4.51.v20230217.jar:/opt/hadoop/share/hadoop/common/lib/jersey-server-1.19.4.jar:/opt/hadoop/share/hadoop/common/lib/netty-codec-redis-4.1.89.Final.jar:/opt/hadoop/share/hadoop/common/lib/netty-codec-memcache-4.1.89.Final.jar:/opt/hadoop/share/hadoop/common/lib/netty-transport-classes-kqueue-4.1.89.Final.jar:/opt/hadoop/share/hadoop/common/lib/zookeeper-jute-3.6.3.jar:/opt/hadoop/share/hadoop/common/lib/jackson-databind-2.12.7.1.jar:/opt/hadoop/share/hadoop/common/lib/netty-transport-rxtx-4.1.89.Final.jar:/opt/hadoop/share/hadoop/common/lib/netty-codec-smtp-4.1.89.Final.jar:/opt/hadoop/share/hadoop/common/lib/commons-cli-1.2.jar:/opt/hadoop/share/hadoop/common/lib/jetty-servlet-9.4.51.v20230217.jar:/opt/hadoop/share/hadoop/common/lib/commons-io-2.8.0.jar:/opt/hadoop/share/hadoop/common/lib/netty-codec-socks-4.1.89.Final.jar:/opt/hadoop/share/hadoop/common/lib/kerby-util-1.0.1.jar:/opt/hadoop/share/hadoop/common/lib/hadoop-shaded-protobuf_3_7-1.1.1.jar:/opt/hadoop/share/hadoop/common/lib/netty-codec-http-4.1.89.Final.jar:/opt/hadoop/share/hadoop/common/lib/kerb-admin-1.0.1.jar:/opt/hadoop/share/hadoop/common/lib/netty-transport-native-kqueue-4.1.89.Final-osx-x86_64.jar:/opt/hadoop/share/hadoop/common/lib/netty-codec-haproxy-4.1.89.Final.jar:/opt/hadoop/share/hadoop/common/lib/jaxb-impl-2.2.3-1.jar:/opt/hadoop/share/hadoop/common/lib/hadoop-shaded-guava-1.1.1.jar:/opt/hadoop/share/hadoop/common/lib/reload4j-1.2.22.jar:/opt/hadoop/share/hadoop/common/lib/listenablefuture-9999.0-empty-to-avoid-conflict-with-guava.jar:/opt/hadoop/share/hadoop/common/lib/netty-resolver-4.1.89.Final.jar:/opt/hadoop/share/hadoop/common/lib/slf4j-api-1.7.36.jar:/opt/hadoop/share/hadoop/common/lib/netty-transport-4.1.89.Final.jar:/opt/hadoop/share/hadoop/common/lib/kerb-core-1.0.1.jar:/opt/hadoop/share/hadoop/common/lib/curator-client-5.2.0.jar:/opt/hadoop/share/hadoop/common/lib/re2j-1.1.jar:/opt/hadoop/share/hadoop/common/lib/kerb-identity-1.0.1.jar:/opt/hadoop/share/hadoop/common/lib/jul-to-slf4j-1.7.36.jar:/opt/hadoop/share/hadoop/common/lib/netty-buffer-4.1.89.Final.jar:/opt/hadoop/share/hadoop/common/lib/woodstox-core-5.4.0.jar:/opt/hadoop/share/hadoop/common/lib/jettison-1.5.4.jar:/opt/hadoop/share/hadoop/common/lib/kerb-util-1.0.1.jar:/opt/hadoop/share/hadoop/common/lib/netty-transport-sctp-4.1.89.Final.jar:/opt/hadoop/share/hadoop/common/lib/javax.servlet-api-3.1.0.jar:/opt/hadoop/share/hadoop/common/hadoop-common-3.3.6-tests.jar:/opt/hadoop/share/hadoop/common/hadoop-kms-3.3.6.jar:/opt/hadoop/share/hadoop/common/hadoop-nfs-3.3.6.jar:/opt/hadoop/share/hadoop/common/hadoop-registry-3.3.6.jar:/opt/hadoop/share/hadoop/common/hadoop-common-3.3.6.jar:/opt/hadoop/share/hadoop/hdfs:/opt/hadoop/share/hadoop/hdfs/lib/curator-framework-5.2.0.jar:/opt/hadoop/share/hadoop/hdfs/lib/jersey-core-1.19.4.jar:/opt/hadoop/share/hadoop/hdfs/lib/jakarta.activation-api-1.2.1.jar:/opt/hadoop/share/hadoop/hdfs/lib/avro-1.7.7.jar:/opt/hadoop/share/hadoop/hdfs/lib/commons-net-3.9.0.jar:/opt/hadoop/share/hadoop/hdfs/lib/netty-codec-4.1.89.Final.jar:/opt/hadoop/share/hadoop/hdfs/lib/jackson-annotations-2.12.7.jar:/opt/hadoop/share/hadoop/hdfs/lib/jetty-server-9.4.51.v20230217.jar:/opt/hadoop/share/hadoop/hdfs/lib/netty-codec-http2-4.1.89.Final.jar:/opt/hadoop/share/hadoop/hdfs/lib/audience-annotations-0.5.0.jar:/opt/hadoop/share/hadoop/hdfs/lib/kerb-common-1.0.1.jar:/opt/hadoop/share/hadoop/hdfs/lib/commons-lang3-3.12.0.jar:/opt/hadoop/share/hadoop/hdfs/lib/okio-2.8.0.jar:/opt/hadoop/share/hadoop/hdfs/lib/netty-transport-classes-epoll-4.1.89.Final.jar:/opt/hadoop/share/hadoop/hdfs/lib/httpcore-4.4.13.jar:/opt/hadoop/share/hadoop/hdfs/lib/kerby-asn1-1.0.1.jar:/opt/hadoop/share/hadoop/hdfs/lib/netty-handler-4.1.89.Final.jar:/opt/hadoop/share/hadoop/hdfs/lib/kerb-simplekdc-1.0.1.jar:/opt/hadoop/share/hadoop/hdfs/lib/dnsjava-2.1.7.jar:/opt/hadoop/share/hadoop/hdfs/lib/paranamer-2.3.jar:/opt/hadoop/share/hadoop/hdfs/lib/jackson-core-2.12.7.jar:/opt/hadoop/share/hadoop/hdfs/lib/snappy-java-1.1.8.2.jar:/opt/hadoop/share/hadoop/hdfs/lib/netty-transport-udt-4.1.89.Final.jar:/opt/hadoop/share/hadoop/hdfs/lib/jersey-json-1.20.jar:/opt/hadoop/share/hadoop/hdfs/lib/metrics-core-3.2.4.jar:/opt/hadoop/share/hadoop/hdfs/lib/netty-transport-native-unix-common-4.1.89.Final.jar:/opt/hadoop/share/hadoop/hdfs/lib/jackson-core-asl-1.9.13.jar:/opt/hadoop/share/hadoop/hdfs/lib/netty-common-4.1.89.Final.jar:/opt/hadoop/share/hadoop/hdfs/lib/kerby-config-1.0.1.jar:/opt/hadoop/share/hadoop/hdfs/lib/jackson-mapper-asl-1.9.13.jar:/opt/hadoop/share/hadoop/hdfs/lib/commons-codec-1.15.jar:/opt/hadoop/share/hadoop/hdfs/lib/json-simple-1.1.1.jar:/opt/hadoop/share/hadoop/hdfs/lib/netty-codec-stomp-4.1.89.Final.jar:/opt/hadoop/share/hadoop/hdfs/lib/protobuf-java-2.5.0.jar:/opt/hadoop/share/hadoop/hdfs/lib/jersey-servlet-1.19.4.jar:/opt/hadoop/share/hadoop/hdfs/lib/commons-configuration2-2.8.0.jar:/opt/hadoop/share/hadoop/hdfs/lib/netty-3.10.6.Final.jar:/opt/hadoop/share/hadoop/hdfs/lib/HikariCP-java7-2.4.12.jar:/opt/hadoop/share/hadoop/hdfs/lib/commons-collections-3.2.2.jar:/opt/hadoop/share/hadoop/hdfs/lib/kotlin-stdlib-common-1.4.10.jar:/opt/hadoop/share/hadoop/hdfs/lib/netty-handler-proxy-4.1.89.Final.jar:/opt/hadoop/share/hadoop/hdfs/lib/jsr311-api-1.1.1.jar:/opt/hadoop/share/hadoop/hdfs/lib/jetty-util-ajax-9.4.51.v20230217.jar:/opt/hadoop/share/hadoop/hdfs/lib/hadoop-annotations-3.3.6.jar:/opt/hadoop/share/hadoop/hdfs/lib/jetty-security-9.4.51.v20230217.jar:/opt/hadoop/share/hadoop/hdfs/lib/commons-beanutils-1.9.4.jar:/opt/hadoop/share/hadoop/hdfs/lib/kerb-client-1.0.1.jar:/opt/hadoop/share/hadoop/hdfs/lib/jetty-io-9.4.51.v20230217.jar:/opt/hadoop/share/hadoop/hdfs/lib/kerb-crypto-1.0.1.jar:/opt/hadoop/share/hadoop/hdfs/lib/commons-logging-1.1.3.jar:/opt/hadoop/share/hadoop/hdfs/lib/j2objc-annotations-1.1.jar:/opt/hadoop/share/hadoop/hdfs/lib/commons-math3-3.1.1.jar:/opt/hadoop/share/hadoop/hdfs/lib/netty-transport-native-epoll-4.1.89.Final-linux-aarch_64.jar:/opt/hadoop/share/hadoop/hdfs/lib/commons-text-1.10.0.jar:/opt/hadoop/share/hadoop/hdfs/lib/netty-codec-xml-4.1.89.Final.jar:/opt/hadoop/share/hadoop/hdfs/lib/netty-all-4.1.89.Final.jar:/opt/hadoop/share/hadoop/hdfs/lib/kerby-xdr-1.0.1.jar:/opt/hadoop/share/hadoop/hdfs/lib/netty-resolver-dns-classes-macos-4.1.89.Final.jar:/opt/hadoop/share/hadoop/hdfs/lib/okhttp-4.9.3.jar:/opt/hadoop/share/hadoop/hdfs/lib/jetty-http-9.4.51.v20230217.jar:/opt/hadoop/share/hadoop/hdfs/lib/kerb-server-1.0.1.jar:/opt/hadoop/share/hadoop/hdfs/lib/kotlin-stdlib-1.4.10.jar:/opt/hadoop/share/hadoop/hdfs/lib/jsr305-3.0.2.jar:/opt/hadoop/share/hadoop/hdfs/lib/netty-codec-mqtt-4.1.89.Final.jar:/opt/hadoop/share/hadoop/hdfs/lib/netty-resolver-dns-native-macos-4.1.89.Final-osx-aarch_64.jar:/opt/hadoop/share/hadoop/hdfs/lib/hadoop-auth-3.3.6.jar:/opt/hadoop/share/hadoop/hdfs/lib/jetty-webapp-9.4.51.v20230217.jar:/opt/hadoop/share/hadoop/hdfs/lib/zookeeper-3.6.3.jar:/opt/hadoop/share/hadoop/hdfs/lib/animal-sniffer-annotations-1.17.jar:/opt/hadoop/share/hadoop/hdfs/lib/gson-2.9.0.jar:/opt/hadoop/share/hadoop/hdfs/lib/jsch-0.1.55.jar:/opt/hadoop/share/hadoop/hdfs/lib/failureaccess-1.0.jar:/opt/hadoop/share/hadoop/hdfs/lib/netty-transport-native-epoll-4.1.89.Final-linux-x86_64.jar:/opt/hadoop/share/hadoop/hdfs/lib/httpclient-4.5.13.jar:/opt/hadoop/share/hadoop/hdfs/lib/netty-resolver-dns-4.1.89.Final.jar:/opt/hadoop/share/hadoop/hdfs/lib/netty-resolver-dns-native-macos-4.1.89.Final-osx-x86_64.jar:/opt/hadoop/share/hadoop/hdfs/lib/nimbus-jose-jwt-9.8.1.jar:/opt/hadoop/share/hadoop/hdfs/lib/stax2-api-4.2.1.jar:/opt/hadoop/share/hadoop/hdfs/lib/netty-handler-ssl-ocsp-4.1.89.Final.jar:/opt/hadoop/share/hadoop/hdfs/lib/jaxb-api-2.2.11.jar:/opt/hadoop/share/hadoop/hdfs/lib/netty-codec-dns-4.1.89.Final.jar:/opt/hadoop/share/hadoop/hdfs/lib/curator-recipes-5.2.0.jar:/opt/hadoop/share/hadoop/hdfs/lib/commons-compress-1.21.jar:/opt/hadoop/share/hadoop/hdfs/lib/kerby-pkix-1.0.1.jar:/opt/hadoop/share/hadoop/hdfs/lib/netty-transport-native-kqueue-4.1.89.Final-osx-aarch_64.jar:/opt/hadoop/share/hadoop/hdfs/lib/jcip-annotations-1.0-1.jar:/opt/hadoop/share/hadoop/hdfs/lib/jetty-util-9.4.51.v20230217.jar:/opt/hadoop/share/hadoop/hdfs/lib/commons-daemon-1.0.13.jar:/opt/hadoop/share/hadoop/hdfs/lib/token-provider-1.0.1.jar:/opt/hadoop/share/hadoop/hdfs/lib/checker-qual-2.5.2.jar:/opt/hadoop/share/hadoop/hdfs/lib/guava-27.0-jre.jar:/opt/hadoop/share/hadoop/hdfs/lib/jetty-xml-9.4.51.v20230217.jar:/opt/hadoop/share/hadoop/hdfs/lib/jersey-server-1.19.4.jar:/opt/hadoop/share/hadoop/hdfs/lib/netty-codec-redis-4.1.89.Final.jar:/opt/hadoop/share/hadoop/hdfs/lib/netty-codec-memcache-4.1.89.Final.jar:/opt/hadoop/share/hadoop/hdfs/lib/netty-transport-classes-kqueue-4.1.89.Final.jar:/opt/hadoop/share/hadoop/hdfs/lib/zookeeper-jute-3.6.3.jar:/opt/hadoop/share/hadoop/hdfs/lib/jackson-databind-2.12.7.1.jar:/opt/hadoop/share/hadoop/hdfs/lib/netty-transport-rxtx-4.1.89.Final.jar:/opt/hadoop/share/hadoop/hdfs/lib/netty-codec-smtp-4.1.89.Final.jar:/opt/hadoop/share/hadoop/hdfs/lib/commons-cli-1.2.jar:/opt/hadoop/share/hadoop/hdfs/lib/jetty-servlet-9.4.51.v20230217.jar:/opt/hadoop/share/hadoop/hdfs/lib/leveldbjni-all-1.8.jar:/opt/hadoop/share/hadoop/hdfs/lib/commons-io-2.8.0.jar:/opt/hadoop/share/hadoop/hdfs/lib/netty-codec-socks-4.1.89.Final.jar:/opt/hadoop/share/hadoop/hdfs/lib/kerby-util-1.0.1.jar:/opt/hadoop/share/hadoop/hdfs/lib/hadoop-shaded-protobuf_3_7-1.1.1.jar:/opt/hadoop/share/hadoop/hdfs/lib/netty-codec-http-4.1.89.Final.jar:/opt/hadoop/share/hadoop/hdfs/lib/kerb-admin-1.0.1.jar:/opt/hadoop/share/hadoop/hdfs/lib/netty-transport-native-kqueue-4.1.89.Final-osx-x86_64.jar:/opt/hadoop/share/hadoop/hdfs/lib/netty-codec-haproxy-4.1.89.Final.jar:/opt/hadoop/share/hadoop/hdfs/lib/jaxb-impl-2.2.3-1.jar:/opt/hadoop/share/hadoop/hdfs/lib/hadoop-shaded-guava-1.1.1.jar:/opt/hadoop/share/hadoop/hdfs/lib/reload4j-1.2.22.jar:/opt/hadoop/share/hadoop/hdfs/lib/listenablefuture-9999.0-empty-to-avoid-conflict-with-guava.jar:/opt/hadoop/share/hadoop/hdfs/lib/netty-resolver-4.1.89.Final.jar:/opt/hadoop/share/hadoop/hdfs/lib/netty-transport-4.1.89.Final.jar:/opt/hadoop/share/hadoop/hdfs/lib/kerb-core-1.0.1.jar:/opt/hadoop/share/hadoop/hdfs/lib/curator-client-5.2.0.jar:/opt/hadoop/share/hadoop/hdfs/lib/re2j-1.1.jar:/opt/hadoop/share/hadoop/hdfs/lib/kerb-identity-1.0.1.jar:/opt/hadoop/share/hadoop/hdfs/lib/netty-buffer-4.1.89.Final.jar:/opt/hadoop/share/hadoop/hdfs/lib/woodstox-core-5.4.0.jar:/opt/hadoop/share/hadoop/hdfs/lib/jettison-1.5.4.jar:/opt/hadoop/share/hadoop/hdfs/lib/kerb-util-1.0.1.jar:/opt/hadoop/share/hadoop/hdfs/lib/netty-transport-sctp-4.1.89.Final.jar:/opt/hadoop/share/hadoop/hdfs/lib/javax.servlet-api-3.1.0.jar:/opt/hadoop/share/hadoop/hdfs/hadoop-hdfs-3.3.6.jar:/opt/hadoop/share/hadoop/hdfs/hadoop-hdfs-native-client-3.3.6.jar:/opt/hadoop/share/hadoop/hdfs/hadoop-hdfs-native-client-3.3.6-tests.jar:/opt/hadoop/share/hadoop/hdfs/hadoop-hdfs-httpfs-3.3.6.jar:/opt/hadoop/share/hadoop/hdfs/hadoop-hdfs-client-3.3.6-tests.jar:/opt/hadoop/share/hadoop/hdfs/hadoop-hdfs-rbf-3.3.6-tests.jar:/opt/hadoop/share/hadoop/hdfs/hadoop-hdfs-rbf-3.3.6.jar:/opt/hadoop/share/hadoop/hdfs/hadoop-hdfs-nfs-3.3.6.jar:/opt/hadoop/share/hadoop/hdfs/hadoop-hdfs-client-3.3.6.jar:/opt/hadoop/share/hadoop/hdfs/hadoop-hdfs-3.3.6-tests.jar:/opt/hadoop/share/hadoop/mapreduce/hadoop-mapreduce-client-jobclient-3.3.6.jar:/opt/hadoop/share/hadoop/mapreduce/hadoop-mapreduce-examples-3.3.6.jar:/opt/hadoop/share/hadoop/mapreduce/hadoop-mapreduce-client-jobclient-3.3.6-tests.jar:/opt/hadoop/share/hadoop/mapreduce/hadoop-mapreduce-client-app-3.3.6.jar:/opt/hadoop/share/hadoop/mapreduce/hadoop-mapreduce-client-hs-3.3.6.jar:/opt/hadoop/share/hadoop/mapreduce/hadoop-mapreduce-client-hs-plugins-3.3.6.jar:/opt/hadoop/share/hadoop/mapreduce/hadoop-mapreduce-client-core-3.3.6.jar:/opt/hadoop/share/hadoop/mapreduce/hadoop-mapreduce-client-common-3.3.6.jar:/opt/hadoop/share/hadoop/mapreduce/hadoop-mapreduce-client-shuffle-3.3.6.jar:/opt/hadoop/share/hadoop/mapreduce/hadoop-mapreduce-client-nativetask-3.3.6.jar:/opt/hadoop/share/hadoop/mapreduce/hadoop-mapreduce-client-uploader-3.3.6.jar:/opt/hadoop/share/hadoop/yarn:/opt/hadoop/share/hadoop/yarn/lib/jackson-jaxrs-json-provider-2.12.7.jar:/opt/hadoop/share/hadoop/yarn/lib/jetty-plus-9.4.51.v20230217.jar:/opt/hadoop/share/hadoop/yarn/lib/jline-3.9.0.jar:/opt/hadoop/share/hadoop/yarn/lib/json-io-2.5.1.jar:/opt/hadoop/share/hadoop/yarn/lib/jetty-annotations-9.4.51.v20230217.jar:/opt/hadoop/share/hadoop/yarn/lib/websocket-api-9.4.51.v20230217.jar:/opt/hadoop/share/hadoop/yarn/lib/asm-tree-9.4.jar:/opt/hadoop/share/hadoop/yarn/lib/bcpkix-jdk15on-1.68.jar:/opt/hadoop/share/hadoop/yarn/lib/javax.websocket-client-api-1.0.jar:/opt/hadoop/share/hadoop/yarn/lib/jetty-client-9.4.51.v20230217.jar:/opt/hadoop/share/hadoop/yarn/lib/asm-commons-9.4.jar:/opt/hadoop/share/hadoop/yarn/lib/aopalliance-1.0.jar:/opt/hadoop/share/hadoop/yarn/lib/jna-5.2.0.jar:/opt/hadoop/share/hadoop/yarn/lib/jetty-jndi-9.4.51.v20230217.jar:/opt/hadoop/share/hadoop/yarn/lib/ehcache-3.3.1.jar:/opt/hadoop/share/hadoop/yarn/lib/mssql-jdbc-6.2.1.jre7.jar:/opt/hadoop/share/hadoop/yarn/lib/jakarta.xml.bind-api-2.3.2.jar:/opt/hadoop/share/hadoop/yarn/lib/jackson-jaxrs-base-2.12.7.jar:/opt/hadoop/share/hadoop/yarn/lib/objenesis-2.6.jar:/opt/hadoop/share/hadoop/yarn/lib/javax.inject-1.jar:/opt/hadoop/share/hadoop/yarn/lib/snakeyaml-2.0.jar:/opt/hadoop/share/hadoop/yarn/lib/javax.websocket-api-1.0.jar:/opt/hadoop/share/hadoop/yarn/lib/javax-websocket-server-impl-9.4.51.v20230217.jar:/opt/hadoop/share/hadoop/yarn/lib/websocket-servlet-9.4.51.v20230217.jar:/opt/hadoop/share/hadoop/yarn/lib/jersey-guice-1.19.4.jar:/opt/hadoop/share/hadoop/yarn/lib/geronimo-jcache_1.0_spec-1.0-alpha-1.jar:/opt/hadoop/share/hadoop/yarn/lib/websocket-common-9.4.51.v20230217.jar:/opt/hadoop/share/hadoop/yarn/lib/java-util-1.9.0.jar:/opt/hadoop/share/hadoop/yarn/lib/bcprov-jdk15on-1.68.jar:/opt/hadoop/share/hadoop/yarn/lib/javax-websocket-client-impl-9.4.51.v20230217.jar:/opt/hadoop/share/hadoop/yarn/lib/guice-servlet-4.0.jar:/opt/hadoop/share/hadoop/yarn/lib/jackson-module-jaxb-annotations-2.12.7.jar:/opt/hadoop/share/hadoop/yarn/lib/swagger-annotations-1.5.4.jar:/opt/hadoop/share/hadoop/yarn/lib/jersey-client-1.19.4.jar:/opt/hadoop/share/hadoop/yarn/lib/fst-2.50.jar:/opt/hadoop/share/hadoop/yarn/lib/guice-4.0.jar:/opt/hadoop/share/hadoop/yarn/lib/websocket-client-9.4.51.v20230217.jar:/opt/hadoop/share/hadoop/yarn/lib/websocket-server-9.4.51.v20230217.jar:/opt/hadoop/share/hadoop/yarn/hadoop-yarn-registry-3.3.6.jar:/opt/hadoop/share/hadoop/yarn/hadoop-yarn-common-3.3.6.jar:/opt/hadoop/share/hadoop/yarn/hadoop-yarn-server-web-proxy-3.3.6.jar:/opt/hadoop/share/hadoop/yarn/hadoop-yarn-applications-mawo-core-3.3.6.jar:/opt/hadoop/share/hadoop/yarn/hadoop-yarn-server-timeline-pluginstorage-3.3.6.jar:/opt/hadoop/share/hadoop/yarn/hadoop-yarn-server-router-3.3.6.jar:/opt/hadoop/share/hadoop/yarn/hadoop-yarn-api-3.3.6.jar:/opt/hadoop/share/hadoop/yarn/hadoop-yarn-server-nodemanager-3.3.6.jar:/opt/hadoop/share/hadoop/yarn/hadoop-yarn-client-3.3.6.jar:/opt/hadoop/share/hadoop/yarn/hadoop-yarn-services-api-3.3.6.jar:/opt/hadoop/share/hadoop/yarn/hadoop-yarn-applications-unmanaged-am-launcher-3.3.6.jar:/opt/hadoop/share/hadoop/yarn/hadoop-yarn-server-applicationhistoryservice-3.3.6.jar:/opt/hadoop/share/hadoop/yarn/hadoop-yarn-server-resourcemanager-3.3.6.jar:/opt/hadoop/share/hadoop/yarn/hadoop-yarn-services-core-3.3.6.jar:/opt/hadoop/share/hadoop/yarn/hadoop-yarn-server-common-3.3.6.jar:/opt/hadoop/share/hadoop/yarn/hadoop-yarn-server-sharedcachemanager-3.3.6.jar:/opt/hadoop/share/hadoop/yarn/hadoop-yarn-server-tests-3.3.6.jar:/opt/hadoop/share/hadoop/yarn/hadoop-yarn-applications-distributedshell-3.3.6.jar
STARTUP_MSG:   build = https://github.com/apache/hadoop.git -r 1be78238728da9266a4f88195058f08fd012bf9c; compiled by 'ubuntu' on 2023-06-18T08:22Z
STARTUP_MSG:   java = 11.0.29
************************************************************/
2025-12-03 00:50:55,602 INFO org.apache.hadoop.hdfs.server.namenode.NameNode - registered UNIX signal handlers for [TERM, HUP, INT]
2025-12-03 00:50:55,744 INFO org.apache.hadoop.hdfs.server.namenode.NameNode - createNameNode []
2025-12-03 00:50:55,900 WARN org.apache.hadoop.metrics2.impl.MetricsConfig - Cannot locate configuration: tried hadoop-metrics2-namenode.properties,hadoop-metrics2.properties
2025-12-03 00:50:56,115 INFO org.apache.hadoop.metrics2.impl.MetricsSystemImpl - Scheduled Metric snapshot period at 10 second(s).
2025-12-03 00:50:56,116 INFO org.apache.hadoop.metrics2.impl.MetricsSystemImpl - NameNode metrics system started
2025-12-03 00:50:56,139 INFO org.apache.hadoop.hdfs.server.namenode.NameNodeUtils - fs.defaultFS is hdfs://namenode:9000
2025-12-03 00:50:56,140 INFO org.apache.hadoop.hdfs.server.namenode.NameNode - Clients should use namenode:9000 to access this namenode/service.
2025-12-03 00:50:56,393 INFO org.apache.hadoop.util.JvmPauseMonitor - Starting JVM pause monitor
2025-12-03 00:50:56,424 INFO org.apache.hadoop.hdfs.DFSUtil - Filter initializers set : org.apache.hadoop.http.lib.StaticUserWebFilter,org.apache.hadoop.hdfs.web.AuthFilterInitializer
2025-12-03 00:50:56,435 INFO org.apache.hadoop.hdfs.DFSUtil - Starting Web-server for hdfs at: http://namenode:9870
2025-12-03 00:50:56,456 INFO org.eclipse.jetty.util.log - Logging initialized @1687ms to org.eclipse.jetty.util.log.Slf4jLog
2025-12-03 00:50:56,612 WARN org.apache.hadoop.security.authentication.server.AuthenticationFilter - Unable to initialize FileSignerSecretProvider, falling back to use random secrets. Reason: Could not read signature secret file: /root/hadoop-http-auth-signature-secret
2025-12-03 00:50:56,630 INFO org.apache.hadoop.http.HttpRequestLog - Http request log for http.requests.namenode is not defined
2025-12-03 00:50:56,637 INFO org.apache.hadoop.http.HttpServer2 - Added global filter 'safety' (class=org.apache.hadoop.http.HttpServer2$QuotingInputFilter)
2025-12-03 00:50:56,639 INFO org.apache.hadoop.http.HttpServer2 - Added filter static_user_filter (class=org.apache.hadoop.http.lib.StaticUserWebFilter$StaticUserFilter) to context hdfs
2025-12-03 00:50:56,639 INFO org.apache.hadoop.http.HttpServer2 - Added filter static_user_filter (class=org.apache.hadoop.http.lib.StaticUserWebFilter$StaticUserFilter) to context logs
2025-12-03 00:50:56,640 INFO org.apache.hadoop.http.HttpServer2 - Added filter static_user_filter (class=org.apache.hadoop.http.lib.StaticUserWebFilter$StaticUserFilter) to context static
2025-12-03 00:50:56,642 INFO org.apache.hadoop.http.HttpServer2 - Added filter AuthFilter (class=org.apache.hadoop.hdfs.web.AuthFilter) to context hdfs
2025-12-03 00:50:56,643 INFO org.apache.hadoop.http.HttpServer2 - Added filter AuthFilter (class=org.apache.hadoop.hdfs.web.AuthFilter) to context logs
2025-12-03 00:50:56,643 INFO org.apache.hadoop.http.HttpServer2 - Added filter AuthFilter (class=org.apache.hadoop.hdfs.web.AuthFilter) to context static
2025-12-03 00:50:56,683 INFO org.apache.hadoop.http.HttpServer2 - addJerseyResourcePackage: packageName=org.apache.hadoop.hdfs.server.namenode.web.resources;org.apache.hadoop.hdfs.web.resources, pathSpec=/webhdfs/v1/*
2025-12-03 00:50:56,701 INFO org.apache.hadoop.http.HttpServer2 - Jetty bound to port 9870
2025-12-03 00:50:56,702 INFO org.eclipse.jetty.server.Server - jetty-9.4.51.v20230217; built: 2023-02-17T08:19:37.309Z; git: b45c405e4544384de066f814ed42ae3dceacdd49; jvm 11.0.29+7-post-Ubuntu-1ubuntu122.04
2025-12-03 00:50:56,731 INFO org.eclipse.jetty.server.session - DefaultSessionIdManager workerName=node0
2025-12-03 00:50:56,731 INFO org.eclipse.jetty.server.session - No SessionScavenger set, using defaults
2025-12-03 00:50:56,733 INFO org.eclipse.jetty.server.session - node0 Scavenging every 660000ms
2025-12-03 00:50:56,753 WARN org.apache.hadoop.security.authentication.server.AuthenticationFilter - Unable to initialize FileSignerSecretProvider, falling back to use random secrets. Reason: Could not read signature secret file: /root/hadoop-http-auth-signature-secret
2025-12-03 00:50:56,758 INFO org.eclipse.jetty.server.handler.ContextHandler - Started o.e.j.s.ServletContextHandler@7096b474{logs,/logs,file:///opt/hadoop/logs/,AVAILABLE}
2025-12-03 00:50:56,758 INFO org.eclipse.jetty.server.handler.ContextHandler - Started o.e.j.s.ServletContextHandler@5d1659ea{static,/static,file:///opt/hadoop/share/hadoop/hdfs/webapps/static/,AVAILABLE}
real-time non-blocking time  (microseconds, -R) unlimited
core file size              (blocks, -c) 0
data seg size               (kbytes, -d) unlimited
scheduling priority                 (-e) 0
file size                   (blocks, -f) unlimited
pending signals                     (-i) 31101
max locked memory           (kbytes, -l) unlimited
max memory size             (kbytes, -m) unlimited
open files                          (-n) 1048576
pipe size                (512 bytes, -p) 8
POSIX message queues         (bytes, -q) 819200
real-time priority                  (-r) 0
stack size                  (kbytes, -s) 8192
cpu time                   (seconds, -t) unlimited
max user processes                  (-u) unlimited
virtual memory              (kbytes, -v) unlimited
file locks                          (-x) unlimited
2025-12-03 00:50:56,898 INFO org.eclipse.jetty.server.handler.ContextHandler - Started o.e.j.w.WebAppContext@c9413d8{hdfs,/,file:///opt/hadoop/share/hadoop/hdfs/webapps/hdfs/,AVAILABLE}{file:/opt/hadoop/share/hadoop/hdfs/webapps/hdfs}
2025-12-03 00:50:56,916 INFO org.eclipse.jetty.server.AbstractConnector - Started ServerConnector@56a4479a{HTTP/1.1, (http/1.1)}{namenode:9870}
2025-12-03 00:50:56,917 INFO org.eclipse.jetty.server.Server - Started @2147ms
2025-12-03 00:50:57,163 WARN org.apache.hadoop.hdfs.server.namenode.FSNamesystem - Only one image storage directory (dfs.namenode.name.dir) configured. Beware of data loss due to lack of redundant storage directories!
2025-12-03 00:50:57,163 WARN org.apache.hadoop.hdfs.server.namenode.FSNamesystem - Only one namespace edits storage directory (dfs.namenode.edits.dir) configured. Beware of data loss due to lack of redundant storage directories!
2025-12-03 00:50:57,242 INFO org.apache.hadoop.hdfs.server.namenode.FSEditLog - Edit logging is async:true
2025-12-03 00:50:57,324 INFO org.apache.hadoop.hdfs.server.namenode.FSNamesystem - KeyProvider: null
2025-12-03 00:50:57,329 INFO org.apache.hadoop.hdfs.server.namenode.FSNamesystem - fsLock is fair: true
2025-12-03 00:50:57,329 INFO org.apache.hadoop.hdfs.server.namenode.FSNamesystem - Detailed lock hold time metrics enabled: false
2025-12-03 00:50:57,360 INFO org.apache.hadoop.hdfs.server.namenode.FSNamesystem - fsOwner                = root (auth:SIMPLE)
2025-12-03 00:50:57,361 INFO org.apache.hadoop.hdfs.server.namenode.FSNamesystem - supergroup             = supergroup
2025-12-03 00:50:57,361 INFO org.apache.hadoop.hdfs.server.namenode.FSNamesystem - isPermissionEnabled    = true
2025-12-03 00:50:57,361 INFO org.apache.hadoop.hdfs.server.namenode.FSNamesystem - isStoragePolicyEnabled = true
2025-12-03 00:50:57,361 INFO org.apache.hadoop.hdfs.server.namenode.FSNamesystem - HA Enabled: false
2025-12-03 00:50:57,427 INFO org.apache.hadoop.hdfs.server.common.Util - dfs.datanode.fileio.profiling.sampling.percentage set to 0. Disabling file IO profiling
2025-12-03 00:50:57,748 INFO org.apache.hadoop.hdfs.server.blockmanagement.DatanodeManager - dfs.block.invalidate.limit : configured=1000, counted=60, effected=1000
2025-12-03 00:50:57,749 INFO org.apache.hadoop.hdfs.server.blockmanagement.DatanodeManager - dfs.namenode.datanode.registration.ip-hostname-check=true
2025-12-03 00:50:57,756 INFO org.apache.hadoop.hdfs.server.blockmanagement.BlockManager - dfs.namenode.startup.delay.block.deletion.sec is set to 000:00:00:00.000
2025-12-03 00:50:57,758 INFO org.apache.hadoop.hdfs.server.blockmanagement.BlockManager - The block deletion will start around 2025 Dec 03 00:50:57
2025-12-03 00:50:57,761 INFO org.apache.hadoop.util.GSet - Computing capacity for map BlocksMap
2025-12-03 00:50:57,762 INFO org.apache.hadoop.util.GSet - VM type       = 64-bit
2025-12-03 00:50:57,228 INFO org.apache.hadoop.util.GSet - 2.0% max memory 1.9 GB = 39.0 MB
2025-12-03 00:50:57,229 INFO org.apache.hadoop.util.GSet - capacity      = 2^22 = 4194304 entries
2025-12-03 00:50:57,271 INFO org.apache.hadoop.hdfs.server.blockmanagement.BlockManager - Storage policy satisfier is disabled
2025-12-03 00:50:57,272 INFO org.apache.hadoop.hdfs.server.blockmanagement.BlockManager - dfs.block.access.token.enable = false
2025-12-03 00:50:57,286 INFO org.apache.hadoop.hdfs.server.blockmanagement.BlockManagerSafeMode - dfs.namenode.safemode.threshold-pct = 0.999
2025-12-03 00:50:57,286 INFO org.apache.hadoop.hdfs.server.blockmanagement.BlockManagerSafeMode - dfs.namenode.safemode.min.datanodes = 0
2025-12-03 00:50:57,286 INFO org.apache.hadoop.hdfs.server.blockmanagement.BlockManagerSafeMode - dfs.namenode.safemode.extension = 30000
2025-12-03 00:50:57,288 INFO org.apache.hadoop.hdfs.server.blockmanagement.BlockManager - defaultReplication         = 1
2025-12-03 00:50:57,288 INFO org.apache.hadoop.hdfs.server.blockmanagement.BlockManager - maxReplication             = 512
2025-12-03 00:50:57,288 INFO org.apache.hadoop.hdfs.server.blockmanagement.BlockManager - minReplication             = 1
2025-12-03 00:50:57,288 INFO org.apache.hadoop.hdfs.server.blockmanagement.BlockManager - maxReplicationStreams      = 2
2025-12-03 00:50:57,288 INFO org.apache.hadoop.hdfs.server.blockmanagement.BlockManager - redundancyRecheckInterval  = 3000ms
2025-12-03 00:50:57,291 INFO org.apache.hadoop.hdfs.server.blockmanagement.BlockManager - encryptDataTransfer        = false
2025-12-03 00:50:57,291 INFO org.apache.hadoop.hdfs.server.blockmanagement.BlockManager - maxNumBlocksToLog          = 1000
2025-12-03 00:51:00,635 INFO org.apache.hadoop.hdfs.server.namenode.FSDirectory - GLOBAL serial map: bits=29 maxEntries=536870911
2025-12-03 00:51:00,635 INFO org.apache.hadoop.hdfs.server.namenode.FSDirectory - USER serial map: bits=24 maxEntries=16777215
2025-12-03 00:51:00,635 INFO org.apache.hadoop.hdfs.server.namenode.FSDirectory - GROUP serial map: bits=24 maxEntries=16777215
2025-12-03 00:51:00,635 INFO org.apache.hadoop.hdfs.server.namenode.FSDirectory - XATTR serial map: bits=24 maxEntries=16777215
2025-12-03 00:51:00,657 INFO org.apache.hadoop.util.GSet - Computing capacity for map INodeMap
2025-12-03 00:51:00,658 INFO org.apache.hadoop.util.GSet - VM type       = 64-bit
2025-12-03 00:51:00,658 INFO org.apache.hadoop.util.GSet - 1.0% max memory 1.9 GB = 19.5 MB
2025-12-03 00:51:00,658 INFO org.apache.hadoop.util.GSet - capacity      = 2^21 = 2097152 entries
2025-12-03 00:51:00,666 INFO org.apache.hadoop.hdfs.server.namenode.FSDirectory - ACLs enabled? true
2025-12-03 00:51:00,666 INFO org.apache.hadoop.hdfs.server.namenode.FSDirectory - POSIX ACL inheritance enabled? true
2025-12-03 00:51:00,667 INFO org.apache.hadoop.hdfs.server.namenode.FSDirectory - XAttrs enabled? true
2025-12-03 00:51:00,670 INFO org.apache.hadoop.hdfs.server.namenode.NameNode - Caching file names occurring more than 10 times
2025-12-03 00:51:00,680 INFO org.apache.hadoop.hdfs.server.namenode.snapshot.SnapshotManager - Loaded config captureOpenFiles: false, skipCaptureAccessTimeOnlyChange: false, snapshotDiffAllowSnapRootDescendant: true, maxSnapshotLimit: 65536
2025-12-03 00:51:00,685 INFO org.apache.hadoop.hdfs.server.namenode.snapshot.SnapshotManager - SkipList is disabled
2025-12-03 00:51:00,693 INFO org.apache.hadoop.util.GSet - Computing capacity for map cachedBlocks
2025-12-03 00:51:00,694 INFO org.apache.hadoop.util.GSet - VM type       = 64-bit
2025-12-03 00:51:00,694 INFO org.apache.hadoop.util.GSet - 0.25% max memory 1.9 GB = 4.9 MB
2025-12-03 00:51:00,694 INFO org.apache.hadoop.util.GSet - capacity      = 2^19 = 524288 entries
2025-12-03 00:51:00,714 INFO org.apache.hadoop.hdfs.server.namenode.top.metrics.TopMetrics - NNTop conf: dfs.namenode.top.window.num.buckets = 10
2025-12-03 00:51:00,714 INFO org.apache.hadoop.hdfs.server.namenode.top.metrics.TopMetrics - NNTop conf: dfs.namenode.top.num.users = 10
2025-12-03 00:51:00,714 INFO org.apache.hadoop.hdfs.server.namenode.top.metrics.TopMetrics - NNTop conf: dfs.namenode.top.windows.minutes = 1,5,25
2025-12-03 00:51:00,723 INFO org.apache.hadoop.hdfs.server.namenode.FSNamesystem - Retry cache on namenode is enabled
2025-12-03 00:51:00,723 INFO org.apache.hadoop.hdfs.server.namenode.FSNamesystem - Retry cache will use 0.03 of total heap and retry cache entry expiry time is 600000 millis
2025-12-03 00:51:00,731 INFO org.apache.hadoop.util.GSet - Computing capacity for map NameNodeRetryCache
2025-12-03 00:51:00,731 INFO org.apache.hadoop.util.GSet - VM type       = 64-bit
2025-12-03 00:51:00,732 INFO org.apache.hadoop.util.GSet - 0.029999999329447746% max memory 1.9 GB = 598.4 KB
2025-12-03 00:51:00,732 INFO org.apache.hadoop.util.GSet - capacity      = 2^16 = 65536 entries
2025-12-03 00:51:00,810 INFO org.apache.hadoop.hdfs.server.common.Storage - Lock on /opt/hadoop/data/nn/in_use.lock acquired by nodename 70@namenode
2025-12-03 00:51:00,870 INFO org.apache.hadoop.hdfs.server.namenode.FileJournalManager - Recovering unfinalized segments in /opt/hadoop/data/nn/current
2025-12-03 00:51:00,938 INFO org.apache.hadoop.hdfs.server.namenode.FileJournalManager - Finalizing edits file /opt/hadoop/data/nn/current/edits_inprogress_0000000000000001363 -> /opt/hadoop/data/nn/current/edits_0000000000000001363-0000000000000001363
2025-12-03 00:51:00,990 INFO org.apache.hadoop.hdfs.server.namenode.FSImage - Planning to load image: FSImageFile(file=/opt/hadoop/data/nn/current/fsimage_0000000000000001003, cpktTxId=0000000000000001003)
2025-12-03 00:51:01,223 INFO org.apache.hadoop.hdfs.server.namenode.FSImageFormatPBINode - Loading 157 INodes.
2025-12-03 00:51:01,268 INFO org.apache.hadoop.hdfs.server.namenode.FSImageFormatPBINode - Successfully loaded 157 inodes
2025-12-03 00:51:01,315 INFO org.apache.hadoop.hdfs.server.namenode.FSImageFormatPBINode - Completed update blocks map and name cache, total waiting duration 2ms.
2025-12-03 00:51:01,331 INFO org.apache.hadoop.hdfs.server.namenode.FSImageFormatProtobuf - Loaded FSImage in 0 seconds.
2025-12-03 00:51:01,331 INFO org.apache.hadoop.hdfs.server.namenode.FSImage - Loaded image for txid 1003 from /opt/hadoop/data/nn/current/fsimage_0000000000000001003
2025-12-03 00:51:01,338 INFO org.apache.hadoop.hdfs.server.namenode.FSImage - Reading org.apache.hadoop.hdfs.server.namenode.RedundantEditLogInputStream@4ba380c7 expecting start txid #1004
2025-12-03 00:51:01,338 INFO org.apache.hadoop.hdfs.server.namenode.FSImage - Start loading edits file /opt/hadoop/data/nn/current/edits_0000000000000001004-0000000000000001004 maxTxnsToRead = 9223372036854775807
2025-12-03 00:51:01,343 INFO org.apache.hadoop.hdfs.server.namenode.RedundantEditLogInputStream - Fast-forwarding stream '/opt/hadoop/data/nn/current/edits_0000000000000001004-0000000000000001004' to transaction ID 1004
2025-12-03 00:51:01,484 INFO org.apache.hadoop.hdfs.server.namenode.FSImage - Loaded 1 edits file(s) (the last named /opt/hadoop/data/nn/current/edits_0000000000000001004-0000000000000001004) of total size 1048576.0, total edits 1.0, total load time 25.0 ms
2025-12-03 00:51:01,793 INFO org.apache.hadoop.hdfs.server.namenode.FSNamesystem - Need to save fs image? false (staleImage=false, haEnabled=false, isRollingUpgrade=false)
2025-12-03 00:51:01,795 INFO org.apache.hadoop.hdfs.server.namenode.FSEditLog - Starting log segment at 1364
2025-12-03 00:51:01,906 INFO org.apache.hadoop.hdfs.server.namenode.NameCache - initialized with 1 entries 142 lookups
2025-12-03 00:51:01,906 INFO org.apache.hadoop.hdfs.server.namenode.FSNamesystem - Finished loading FSImage in 1167 msecs
2025-12-03 00:51:02,281 INFO org.apache.hadoop.hdfs.server.namenode.NameNode - RPC server is binding to namenode:9000
2025-12-03 00:51:02,281 INFO org.apache.hadoop.hdfs.server.namenode.NameNode - Enable NameNode state context:false
2025-12-03 00:51:02,292 INFO org.apache.hadoop.ipc.CallQueueManager - Using callQueue: class java.util.concurrent.LinkedBlockingQueue, queueCapacity: 1000, scheduler: class org.apache.hadoop.ipc.DefaultRpcScheduler, ipcBackoff: false.
2025-12-03 00:51:02,310 INFO org.apache.hadoop.ipc.Server - Listener at namenode:9000
2025-12-03 00:51:02,313 INFO org.apache.hadoop.ipc.Server - Starting Socket Reader #1 for port 9000
2025-12-03 00:51:02,445 INFO org.apache.hadoop.hdfs.server.namenode.FSNamesystem - Registered FSNamesystemState, ReplicatedBlocksState and ECBlockGroupsState MBeans.
2025-12-03 00:51:02,462 INFO org.apache.hadoop.hdfs.server.namenode.LeaseManager - Number of blocks under construction: 0
2025-12-03 00:51:02,475 INFO org.apache.hadoop.hdfs.server.blockmanagement.DatanodeAdminDefaultMonitor - Initialized the Default Decommission and Maintenance monitor
2025-12-03 00:51:02,477 INFO org.apache.hadoop.hdfs.server.blockmanagement.BlockManager - Start MarkedDeleteBlockScrubber thread
2025-12-03 00:51:02,482 INFO org.apache.hadoop.hdfs.StateChange - STATE* Safe mode ON. 
The reported blocks 0 needs additional 72 blocks to reach the threshold 0.9990 of total blocks 73.
The minimum number of live datanodes is not required. Safe mode will be turned off automatically once the thresholds have been reached.
2025-12-03 00:51:02,531 INFO org.apache.hadoop.ipc.Server - IPC Server Responder: starting
2025-12-03 00:51:02,531 INFO org.apache.hadoop.ipc.Server - IPC Server listener on 9000: starting
2025-12-03 00:51:02,540 INFO org.apache.hadoop.hdfs.server.namenode.NameNode - NameNode RPC up at: namenode/172.18.0.4:9000
2025-12-03 00:51:02,543 INFO org.apache.hadoop.hdfs.server.namenode.FSNamesystem - Starting services required for active state
2025-12-03 00:51:02,543 INFO org.apache.hadoop.hdfs.server.namenode.FSDirectory - Initializing quota with 12 thread(s)
2025-12-03 00:51:02,565 INFO org.apache.hadoop.hdfs.server.namenode.FSDirectory - Quota initialization completed in 22 milliseconds
name space=157
storage space=8398592
storage types=RAM_DISK=0, SSD=0, DISK=0, ARCHIVE=0, PROVIDED=0
2025-12-03 00:51:02,577 INFO org.apache.hadoop.hdfs.server.blockmanagement.CacheReplicationMonitor - Starting CacheReplicationMonitor with interval 30000 milliseconds
2025-12-03 00:51:03,815 INFO org.apache.hadoop.hdfs.StateChange - BLOCK* registerDatanode: from DatanodeRegistration(172.18.0.2:9866, datanodeUuid=d02fd027-40dc-452a-aa59-17a9b2edb3fe, infoPort=9864, infoSecurePort=0, ipcPort=9867, storageInfo=lv=-57;cid=CID-8de1d889-312c-47f1-9135-cecbc5761ae6;nsid=1122154000;c=1763416835540) storage d02fd027-40dc-452a-aa59-17a9b2edb3fe
2025-12-03 00:51:03,818 INFO org.apache.hadoop.net.NetworkTopology - Adding a new node: /default-rack/172.18.0.2:9866
2025-12-03 00:51:03,818 INFO org.apache.hadoop.hdfs.server.blockmanagement.BlockReportLeaseManager - Registered DN d02fd027-40dc-452a-aa59-17a9b2edb3fe (172.18.0.2:9866).
2025-12-03 00:51:03,928 INFO org.apache.hadoop.hdfs.server.blockmanagement.DatanodeDescriptor - Adding new storage ID DS-4f9c54b4-f4d4-4ee3-b0b9-9580107a8e16 for DN 172.18.0.2:9866
2025-12-03 00:51:03,995 INFO BlockStateChange - BLOCK* processReport 0x43f70a27fbc81ea4 with lease ID 0xee77b71056811033: Processing first storage report for DS-4f9c54b4-f4d4-4ee3-b0b9-9580107a8e16 from datanode DatanodeRegistration(172.18.0.2:9866, datanodeUuid=d02fd027-40dc-452a-aa59-17a9b2edb3fe, infoPort=9864, infoSecurePort=0, ipcPort=9867, storageInfo=lv=-57;cid=CID-8de1d889-312c-47f1-9135-cecbc5761ae6;nsid=1122154000;c=1763416835540)
2025-12-03 00:51:04,004 INFO org.apache.hadoop.hdfs.server.blockmanagement.BlockManager - initializing replication queues
2025-12-03 00:51:04,005 INFO org.apache.hadoop.hdfs.StateChange - STATE* Safe mode extension entered. 
The reported blocks 72 has reached the threshold 0.9990 of total blocks 73. The minimum number of live datanodes is not required. In safe mode extension. Safe mode will be turned off automatically in 29 seconds.
2025-12-03 00:51:04,007 INFO BlockStateChange - BLOCK* processReport 0x43f70a27fbc81ea4 with lease ID 0xee77b71056811033: from storage DS-4f9c54b4-f4d4-4ee3-b0b9-9580107a8e16 node DatanodeRegistration(172.18.0.2:9866, datanodeUuid=d02fd027-40dc-452a-aa59-17a9b2edb3fe, infoPort=9864, infoSecurePort=0, ipcPort=9867, storageInfo=lv=-57;cid=CID-8de1d889-312c-47f1-9135-cecbc5761ae6;nsid=1122154000;c=1763416835540), blocks: 73, hasStaleStorage: false, processing time: 11 msecs, invalidatedBlocks: 0
2025-12-03 00:51:04,024 INFO org.apache.hadoop.hdfs.server.blockmanagement.BlockManager - Total number of blocks            = 73
2025-12-03 00:51:04,025 INFO org.apache.hadoop.hdfs.server.blockmanagement.BlockManager - Number of invalid blocks          = 0
2025-12-03 00:51:04,025 INFO org.apache.hadoop.hdfs.server.blockmanagement.BlockManager - Number of under-replicated blocks = 0
2025-12-03 00:51:04,025 INFO org.apache.hadoop.hdfs.server.blockmanagement.BlockManager - Number of  over-replicated blocks = 0
2025-12-03 00:51:04,025 INFO org.apache.hadoop.hdfs.server.blockmanagement.BlockManager - Number of blocks being written    = 0
2025-12-03 00:51:04,025 INFO org.apache.hadoop.hdfs.StateChange - STATE* Replication Queue initialization scan for invalid, over- and under-replicated blocks completed in 20 msec
2025-12-03 00:51:24,012 INFO org.apache.hadoop.hdfs.StateChange - STATE* Safe mode ON, in safe mode extension. 
The reported blocks 73 has reached the threshold 0.9990 of total blocks 73. The minimum number of live datanodes is not required. In safe mode extension. Safe mode will be turned off automatically in 9 seconds.
2025-12-03 00:51:36,753 INFO org.apache.hadoop.hdfs.StateChange - STATE* Safe mode is OFF
2025-12-03 00:51:36,754 INFO org.apache.hadoop.hdfs.StateChange - STATE* Leaving safe mode after 31 secs
2025-12-03 00:51:36,754 INFO org.apache.hadoop.hdfs.StateChange - STATE* Network topology has 1 racks and 1 datanodes
2025-12-03 00:51:36,754 INFO org.apache.hadoop.hdfs.StateChange - STATE* UnderReplicatedBlocks has 0 blocks
Dec 03, 2025 12:59:15 AM com.sun.jersey.api.core.PackagesResourceConfig init
INFO: Scanning for root resource and provider classes in the packages:
  org.apache.hadoop.hdfs.server.namenode.web.resources
  org.apache.hadoop.hdfs.web.resources
Dec 03, 2025 12:59:16 AM com.sun.jersey.api.core.ScanningResourceConfig logClasses
INFO: Root resource classes found:
  class org.apache.hadoop.hdfs.server.namenode.web.resources.NamenodeWebHdfsMethods
Dec 03, 2025 12:59:16 AM com.sun.jersey.api.core.ScanningResourceConfig logClasses
INFO: Provider classes found:
  class org.apache.hadoop.hdfs.web.resources.UserProvider
  class org.apache.hadoop.hdfs.web.resources.ExceptionHandler
Dec 03, 2025 12:59:16 AM com.sun.jersey.server.impl.application.WebApplicationImpl _initiate
INFO: Initiating Jersey application, version 'Jersey: 1.19.4 05/24/2017 03:20 PM'
WARNING: An illegal reflective access operation has occurred
WARNING: Illegal reflective access by com.sun.xml.bind.v2.runtime.reflect.opt.Injector$1 (file:/opt/hadoop/share/hadoop/common/lib/jaxb-impl-2.2.3-1.jar) to method java.lang.ClassLoader.defineClass(java.lang.String,byte[],int,int)
WARNING: Please consider reporting this to the maintainers of com.sun.xml.bind.v2.runtime.reflect.opt.Injector$1
WARNING: Use --illegal-access=warn to enable warnings of further illegal reflective access operations
WARNING: All illegal access operations will be denied in a future release
Dec 03, 2025 12:59:16 AM com.sun.jersey.spi.inject.Errors processErrorMessages
WARNING: The following warnings have been detected with resource and/or provider classes:
  WARNING: A sub-resource method, public javax.ws.rs.core.Response org.apache.hadoop.hdfs.server.namenode.web.resources.NamenodeWebHdfsMethods.getRoot(org.apache.hadoop.security.UserGroupInformation,org.apache.hadoop.hdfs.web.resources.DelegationParam,org.apache.hadoop.hdfs.web.resources.UserParam,org.apache.hadoop.hdfs.web.resources.DoAsParam,org.apache.hadoop.hdfs.web.resources.GetOpParam,org.apache.hadoop.hdfs.web.resources.OffsetParam,org.apache.hadoop.hdfs.web.resources.LengthParam,org.apache.hadoop.hdfs.web.resources.RenewerParam,org.apache.hadoop.hdfs.web.resources.BufferSizeParam,java.util.List,org.apache.hadoop.hdfs.web.resources.XAttrEncodingParam,org.apache.hadoop.hdfs.web.resources.ExcludeDatanodesParam,org.apache.hadoop.hdfs.web.resources.FsActionParam,org.apache.hadoop.hdfs.web.resources.SnapshotNameParam,org.apache.hadoop.hdfs.web.resources.OldSnapshotNameParam,org.apache.hadoop.hdfs.web.resources.TokenKindParam,org.apache.hadoop.hdfs.web.resources.TokenServiceParam,org.apache.hadoop.hdfs.web.resources.NoRedirectParam,org.apache.hadoop.hdfs.web.resources.StartAfterParam) throws java.io.IOException,java.lang.InterruptedException, with URI template, "/", is treated as a resource method
  WARNING: A sub-resource method, public javax.ws.rs.core.Response org.apache.hadoop.hdfs.server.namenode.web.resources.NamenodeWebHdfsMethods.putRoot(org.apache.hadoop.security.UserGroupInformation,org.apache.hadoop.hdfs.web.resources.DelegationParam,org.apache.hadoop.hdfs.web.resources.UserParam,org.apache.hadoop.hdfs.web.resources.DoAsParam,org.apache.hadoop.hdfs.web.resources.PutOpParam,org.apache.hadoop.hdfs.web.resources.DestinationParam,org.apache.hadoop.hdfs.web.resources.OwnerParam,org.apache.hadoop.hdfs.web.resources.GroupParam,org.apache.hadoop.hdfs.web.resources.PermissionParam,org.apache.hadoop.hdfs.web.resources.UnmaskedPermissionParam,org.apache.hadoop.hdfs.web.resources.OverwriteParam,org.apache.hadoop.hdfs.web.resources.BufferSizeParam,org.apache.hadoop.hdfs.web.resources.ReplicationParam,org.apache.hadoop.hdfs.web.resources.BlockSizeParam,org.apache.hadoop.hdfs.web.resources.ModificationTimeParam,org.apache.hadoop.hdfs.web.resources.AccessTimeParam,org.apache.hadoop.hdfs.web.resources.RenameOptionSetParam,org.apache.hadoop.hdfs.web.resources.CreateParentParam,org.apache.hadoop.hdfs.web.resources.TokenArgumentParam,org.apache.hadoop.hdfs.web.resources.AclPermissionParam,org.apache.hadoop.hdfs.web.resources.XAttrNameParam,org.apache.hadoop.hdfs.web.resources.XAttrValueParam,org.apache.hadoop.hdfs.web.resources.XAttrSetFlagParam,org.apache.hadoop.hdfs.web.resources.SnapshotNameParam,org.apache.hadoop.hdfs.web.resources.OldSnapshotNameParam,org.apache.hadoop.hdfs.web.resources.ExcludeDatanodesParam,org.apache.hadoop.hdfs.web.resources.CreateFlagParam,org.apache.hadoop.hdfs.web.resources.NoRedirectParam,org.apache.hadoop.hdfs.web.resources.StoragePolicyParam,org.apache.hadoop.hdfs.web.resources.ECPolicyParam,org.apache.hadoop.hdfs.web.resources.NameSpaceQuotaParam,org.apache.hadoop.hdfs.web.resources.StorageSpaceQuotaParam,org.apache.hadoop.hdfs.web.resources.StorageTypeParam) throws java.io.IOException,java.lang.InterruptedException, with URI template, "/", is treated as a resource method
  WARNING: A sub-resource method, public javax.ws.rs.core.Response org.apache.hadoop.hdfs.server.namenode.web.resources.NamenodeWebHdfsMethods.postRoot(org.apache.hadoop.security.UserGroupInformation,org.apache.hadoop.hdfs.web.resources.DelegationParam,org.apache.hadoop.hdfs.web.resources.UserParam,org.apache.hadoop.hdfs.web.resources.DoAsParam,org.apache.hadoop.hdfs.web.resources.PostOpParam,org.apache.hadoop.hdfs.web.resources.ConcatSourcesParam,org.apache.hadoop.hdfs.web.resources.BufferSizeParam,org.apache.hadoop.hdfs.web.resources.ExcludeDatanodesParam,org.apache.hadoop.hdfs.web.resources.NewLengthParam,org.apache.hadoop.hdfs.web.resources.NoRedirectParam) throws java.io.IOException,java.lang.InterruptedException, with URI template, "/", is treated as a resource method
  WARNING: A sub-resource method, public javax.ws.rs.core.Response org.apache.hadoop.hdfs.server.namenode.web.resources.NamenodeWebHdfsMethods.deleteRoot(org.apache.hadoop.security.UserGroupInformation,org.apache.hadoop.hdfs.web.resources.DelegationParam,org.apache.hadoop.hdfs.web.resources.UserParam,org.apache.hadoop.hdfs.web.resources.DoAsParam,org.apache.hadoop.hdfs.web.resources.DeleteOpParam,org.apache.hadoop.hdfs.web.resources.RecursiveParam,org.apache.hadoop.hdfs.web.resources.SnapshotNameParam) throws java.io.IOException,java.lang.InterruptedException, with URI template, "/", is treated as a resource method
2025-12-03 00:59:49,968 INFO org.apache.hadoop.hdfs.server.namenode.FSNamesystem.audit - allowed=true	ugi=root (auth:SIMPLE)	ip=/172.18.0.1	cmd=listStatus	src=/	dst=null	perm=null	proto=webhdfs
2025-12-03 01:01:52,061 INFO org.apache.hadoop.hdfs.server.namenode.FSNamesystem.audit - allowed=true	ugi=root (auth:SIMPLE)	ip=/172.18.0.4	cmd=getfileinfo	src=/datalake/analytics	dst=null	perm=null	proto=rpc
2025-12-03 01:01:52,099 INFO org.apache.hadoop.hdfs.server.namenode.FSNamesystem.audit - allowed=true	ugi=root (auth:SIMPLE)	ip=/172.18.0.4	cmd=listStatus	src=/datalake/analytics	dst=null	perm=null	proto=rpc
2025-12-03 01:01:52,109 INFO org.apache.hadoop.hdfs.server.namenode.FSNamesystem.audit - allowed=true	ugi=root (auth:SIMPLE)	ip=/172.18.0.4	cmd=listStatus	src=/datalake/analytics/atrasos	dst=null	perm=null	proto=rpc
2025-12-03 01:01:52,113 INFO org.apache.hadoop.hdfs.server.namenode.FSNamesystem.audit - allowed=true	ugi=root (auth:SIMPLE)	ip=/172.18.0.4	cmd=listStatus	src=/datalake/analytics/atrasos/ano=1970	dst=null	perm=null	proto=rpc
2025-12-03 01:01:52,115 INFO org.apache.hadoop.hdfs.server.namenode.FSNamesystem.audit - allowed=true	ugi=root (auth:SIMPLE)	ip=/172.18.0.4	cmd=listStatus	src=/datalake/analytics/atrasos/ano=1970/mes=01	dst=null	perm=null	proto=rpc
2025-12-03 01:01:52,121 INFO org.apache.hadoop.hdfs.server.namenode.FSNamesystem.audit - allowed=true	ugi=root (auth:SIMPLE)	ip=/172.18.0.4	cmd=listStatus	src=/datalake/analytics/recompra	dst=null	perm=null	proto=rpc
2025-12-03 01:01:52,124 INFO org.apache.hadoop.hdfs.server.namenode.FSNamesystem.audit - allowed=true	ugi=root (auth:SIMPLE)	ip=/172.18.0.4	cmd=listStatus	src=/datalake/analytics/recompra/ano=2023	dst=null	perm=null	proto=rpc
2025-12-03 01:01:52,130 INFO org.apache.hadoop.hdfs.server.namenode.FSNamesystem.audit - allowed=true	ugi=root (auth:SIMPLE)	ip=/172.18.0.4	cmd=listStatus	src=/datalake/analytics/recompra/ano=2023/mes=01	dst=null	perm=null	proto=rpc
2025-12-03 01:01:52,132 INFO org.apache.hadoop.hdfs.server.namenode.FSNamesystem.audit - allowed=true	ugi=root (auth:SIMPLE)	ip=/172.18.0.4	cmd=listStatus	src=/datalake/analytics/recompra/ano=2023/mes=02	dst=null	perm=null	proto=rpc
2025-12-03 01:01:52,135 INFO org.apache.hadoop.hdfs.server.namenode.FSNamesystem.audit - allowed=true	ugi=root (auth:SIMPLE)	ip=/172.18.0.4	cmd=listStatus	src=/datalake/analytics/recompra/ano=2023/mes=03	dst=null	perm=null	proto=rpc
2025-12-03 01:01:52,138 INFO org.apache.hadoop.hdfs.server.namenode.FSNamesystem.audit - allowed=true	ugi=root (auth:SIMPLE)	ip=/172.18.0.4	cmd=listStatus	src=/datalake/analytics/recompra/ano=2023/mes=04	dst=null	perm=null	proto=rpc
2025-12-03 01:01:52,141 INFO org.apache.hadoop.hdfs.server.namenode.FSNamesystem.audit - allowed=true	ugi=root (auth:SIMPLE)	ip=/172.18.0.4	cmd=listStatus	src=/datalake/analytics/recompra/ano=2023/mes=05	dst=null	perm=null	proto=rpc
2025-12-03 01:01:52,144 INFO org.apache.hadoop.hdfs.server.namenode.FSNamesystem.audit - allowed=true	ugi=root (auth:SIMPLE)	ip=/172.18.0.4	cmd=listStatus	src=/datalake/analytics/recompra/ano=2023/mes=06	dst=null	perm=null	proto=rpc
2025-12-03 01:01:52,147 INFO org.apache.hadoop.hdfs.server.namenode.FSNamesystem.audit - allowed=true	ugi=root (auth:SIMPLE)	ip=/172.18.0.4	cmd=listStatus	src=/datalake/analytics/recompra/ano=2023/mes=07	dst=null	perm=null	proto=rpc
2025-12-03 01:01:52,150 INFO org.apache.hadoop.hdfs.server.namenode.FSNamesystem.audit - allowed=true	ugi=root (auth:SIMPLE)	ip=/172.18.0.4	cmd=listStatus	src=/datalake/analytics/recompra/ano=2023/mes=08	dst=null	perm=null	proto=rpc
2025-12-03 01:01:52,152 INFO org.apache.hadoop.hdfs.server.namenode.FSNamesystem.audit - allowed=true	ugi=root (auth:SIMPLE)	ip=/172.18.0.4	cmd=listStatus	src=/datalake/analytics/recompra/ano=2023/mes=09	dst=null	perm=null	proto=rpc
2025-12-03 01:01:52,159 INFO org.apache.hadoop.hdfs.server.namenode.FSNamesystem.audit - allowed=true	ugi=root (auth:SIMPLE)	ip=/172.18.0.4	cmd=listStatus	src=/datalake/analytics/recompra/ano=2023/mes=10	dst=null	perm=null	proto=rpc
2025-12-03 01:01:52,161 INFO org.apache.hadoop.hdfs.server.namenode.FSNamesystem.audit - allowed=true	ugi=root (auth:SIMPLE)	ip=/172.18.0.4	cmd=listStatus	src=/datalake/analytics/recompra/ano=2023/mes=11	dst=null	perm=null	proto=rpc
2025-12-03 01:01:52,164 INFO org.apache.hadoop.hdfs.server.namenode.FSNamesystem.audit - allowed=true	ugi=root (auth:SIMPLE)	ip=/172.18.0.4	cmd=listStatus	src=/datalake/analytics/recompra/ano=2023/mes=12	dst=null	perm=null	proto=rpc
2025-12-03 01:01:52,166 INFO org.apache.hadoop.hdfs.server.namenode.FSNamesystem.audit - allowed=true	ugi=root (auth:SIMPLE)	ip=/172.18.0.4	cmd=listStatus	src=/datalake/analytics/recompra/ano=2024	dst=null	perm=null	proto=rpc
2025-12-03 01:01:52,170 INFO org.apache.hadoop.hdfs.server.namenode.FSNamesystem.audit - allowed=true	ugi=root (auth:SIMPLE)	ip=/172.18.0.4	cmd=listStatus	src=/datalake/analytics/recompra/ano=2024/mes=01	dst=null	perm=null	proto=rpc
2025-12-03 01:01:52,173 INFO org.apache.hadoop.hdfs.server.namenode.FSNamesystem.audit - allowed=true	ugi=root (auth:SIMPLE)	ip=/172.18.0.4	cmd=listStatus	src=/datalake/analytics/recompra/ano=2024/mes=02	dst=null	perm=null	proto=rpc
2025-12-03 01:01:52,175 INFO org.apache.hadoop.hdfs.server.namenode.FSNamesystem.audit - allowed=true	ugi=root (auth:SIMPLE)	ip=/172.18.0.4	cmd=listStatus	src=/datalake/analytics/recompra/ano=2024/mes=03	dst=null	perm=null	proto=rpc
2025-12-03 01:01:52,178 INFO org.apache.hadoop.hdfs.server.namenode.FSNamesystem.audit - allowed=true	ugi=root (auth:SIMPLE)	ip=/172.18.0.4	cmd=listStatus	src=/datalake/analytics/recompra/ano=2024/mes=04	dst=null	perm=null	proto=rpc
2025-12-03 01:01:52,181 INFO org.apache.hadoop.hdfs.server.namenode.FSNamesystem.audit - allowed=true	ugi=root (auth:SIMPLE)	ip=/172.18.0.4	cmd=listStatus	src=/datalake/analytics/recompra/ano=2024/mes=05	dst=null	perm=null	proto=rpc
2025-12-03 01:01:52,183 INFO org.apache.hadoop.hdfs.server.namenode.FSNamesystem.audit - allowed=true	ugi=root (auth:SIMPLE)	ip=/172.18.0.4	cmd=listStatus	src=/datalake/analytics/recompra/ano=2024/mes=06	dst=null	perm=null	proto=rpc
2025-12-03 01:01:52,186 INFO org.apache.hadoop.hdfs.server.namenode.FSNamesystem.audit - allowed=true	ugi=root (auth:SIMPLE)	ip=/172.18.0.4	cmd=listStatus	src=/datalake/analytics/recompra/ano=2024/mes=07	dst=null	perm=null	proto=rpc
2025-12-03 01:01:52,188 INFO org.apache.hadoop.hdfs.server.namenode.FSNamesystem.audit - allowed=true	ugi=root (auth:SIMPLE)	ip=/172.18.0.4	cmd=listStatus	src=/datalake/analytics/recompra/ano=2024/mes=08	dst=null	perm=null	proto=rpc
2025-12-03 01:01:52,191 INFO org.apache.hadoop.hdfs.server.namenode.FSNamesystem.audit - allowed=true	ugi=root (auth:SIMPLE)	ip=/172.18.0.4	cmd=listStatus	src=/datalake/analytics/recompra/ano=2024/mes=09	dst=null	perm=null	proto=rpc
2025-12-03 01:01:52,193 INFO org.apache.hadoop.hdfs.server.namenode.FSNamesystem.audit - allowed=true	ugi=root (auth:SIMPLE)	ip=/172.18.0.4	cmd=listStatus	src=/datalake/analytics/recompra/ano=2024/mes=10	dst=null	perm=null	proto=rpc
2025-12-03 01:01:52,197 INFO org.apache.hadoop.hdfs.server.namenode.FSNamesystem.audit - allowed=true	ugi=root (auth:SIMPLE)	ip=/172.18.0.4	cmd=listStatus	src=/datalake/analytics/recompra/ano=2024/mes=11	dst=null	perm=null	proto=rpc
2025-12-03 01:01:52,199 INFO org.apache.hadoop.hdfs.server.namenode.FSNamesystem.audit - allowed=true	ugi=root (auth:SIMPLE)	ip=/172.18.0.4	cmd=listStatus	src=/datalake/analytics/recompra/ano=2024/mes=12	dst=null	perm=null	proto=rpc
2025-12-03 01:01:52,202 INFO org.apache.hadoop.hdfs.server.namenode.FSNamesystem.audit - allowed=true	ugi=root (auth:SIMPLE)	ip=/172.18.0.4	cmd=listStatus	src=/datalake/analytics/recompra/ano=2025	dst=null	perm=null	proto=rpc
2025-12-03 01:01:52,205 INFO org.apache.hadoop.hdfs.server.namenode.FSNamesystem.audit - allowed=true	ugi=root (auth:SIMPLE)	ip=/172.18.0.4	cmd=listStatus	src=/datalake/analytics/recompra/ano=2025/mes=01	dst=null	perm=null	proto=rpc
2025-12-03 01:01:52,208 INFO org.apache.hadoop.hdfs.server.namenode.FSNamesystem.audit - allowed=true	ugi=root (auth:SIMPLE)	ip=/172.18.0.4	cmd=listStatus	src=/datalake/analytics/recompra/ano=2025/mes=02	dst=null	perm=null	proto=rpc
2025-12-03 01:01:52,210 INFO org.apache.hadoop.hdfs.server.namenode.FSNamesystem.audit - allowed=true	ugi=root (auth:SIMPLE)	ip=/172.18.0.4	cmd=listStatus	src=/datalake/analytics/recompra/ano=2025/mes=03	dst=null	perm=null	proto=rpc
2025-12-03 01:01:52,214 INFO org.apache.hadoop.hdfs.server.namenode.FSNamesystem.audit - allowed=true	ugi=root (auth:SIMPLE)	ip=/172.18.0.4	cmd=listStatus	src=/datalake/analytics/recompra/ano=2025/mes=04	dst=null	perm=null	proto=rpc
2025-12-03 01:01:52,216 INFO org.apache.hadoop.hdfs.server.namenode.FSNamesystem.audit - allowed=true	ugi=root (auth:SIMPLE)	ip=/172.18.0.4	cmd=listStatus	src=/datalake/analytics/recompra/ano=2025/mes=05	dst=null	perm=null	proto=rpc
2025-12-03 01:01:52,219 INFO org.apache.hadoop.hdfs.server.namenode.FSNamesystem.audit - allowed=true	ugi=root (auth:SIMPLE)	ip=/172.18.0.4	cmd=listStatus	src=/datalake/analytics/recompra/ano=2025/mes=06	dst=null	perm=null	proto=rpc
2025-12-03 01:01:52,221 INFO org.apache.hadoop.hdfs.server.namenode.FSNamesystem.audit - allowed=true	ugi=root (auth:SIMPLE)	ip=/172.18.0.4	cmd=listStatus	src=/datalake/analytics/recompra/ano=2025/mes=07	dst=null	perm=null	proto=rpc
2025-12-03 01:01:52,224 INFO org.apache.hadoop.hdfs.server.namenode.FSNamesystem.audit - allowed=true	ugi=root (auth:SIMPLE)	ip=/172.18.0.4	cmd=listStatus	src=/datalake/analytics/recompra/ano=2025/mes=08	dst=null	perm=null	proto=rpc
2025-12-03 01:01:52,226 INFO org.apache.hadoop.hdfs.server.namenode.FSNamesystem.audit - allowed=true	ugi=root (auth:SIMPLE)	ip=/172.18.0.4	cmd=listStatus	src=/datalake/analytics/recompra/ano=2025/mes=09	dst=null	perm=null	proto=rpc
2025-12-03 01:01:52,229 INFO org.apache.hadoop.hdfs.server.namenode.FSNamesystem.audit - allowed=true	ugi=root (auth:SIMPLE)	ip=/172.18.0.4	cmd=listStatus	src=/datalake/analytics/recompra/ano=2025/mes=10	dst=null	perm=null	proto=rpc
2025-12-03 01:01:52,232 INFO org.apache.hadoop.hdfs.server.namenode.FSNamesystem.audit - allowed=true	ugi=root (auth:SIMPLE)	ip=/172.18.0.4	cmd=listStatus	src=/datalake/analytics/recompra/ano=2025/mes=11	dst=null	perm=null	proto=rpc
2025-12-03 01:01:52,234 INFO org.apache.hadoop.hdfs.server.namenode.FSNamesystem.audit - allowed=true	ugi=root (auth:SIMPLE)	ip=/172.18.0.4	cmd=listStatus	src=/datalake/analytics/valor_30dias	dst=null	perm=null	proto=rpc
2025-12-03 01:01:52,237 INFO org.apache.hadoop.hdfs.server.namenode.FSNamesystem.audit - allowed=true	ugi=root (auth:SIMPLE)	ip=/172.18.0.4	cmd=listStatus	src=/datalake/analytics/valor_30dias/ano=2023	dst=null	perm=null	proto=rpc
2025-12-03 01:01:52,240 INFO org.apache.hadoop.hdfs.server.namenode.FSNamesystem.audit - allowed=true	ugi=root (auth:SIMPLE)	ip=/172.18.0.4	cmd=listStatus	src=/datalake/analytics/valor_30dias/ano=2023/mes=01	dst=null	perm=null	proto=rpc
2025-12-03 01:01:52,243 INFO org.apache.hadoop.hdfs.server.namenode.FSNamesystem.audit - allowed=true	ugi=root (auth:SIMPLE)	ip=/172.18.0.4	cmd=listStatus	src=/datalake/analytics/valor_30dias/ano=2023/mes=02	dst=null	perm=null	proto=rpc
2025-12-03 01:01:52,245 INFO org.apache.hadoop.hdfs.server.namenode.FSNamesystem.audit - allowed=true	ugi=root (auth:SIMPLE)	ip=/172.18.0.4	cmd=listStatus	src=/datalake/analytics/valor_30dias/ano=2023/mes=03	dst=null	perm=null	proto=rpc
2025-12-03 01:01:52,247 INFO org.apache.hadoop.hdfs.server.namenode.FSNamesystem.audit - allowed=true	ugi=root (auth:SIMPLE)	ip=/172.18.0.4	cmd=listStatus	src=/datalake/analytics/valor_30dias/ano=2023/mes=04	dst=null	perm=null	proto=rpc
2025-12-03 01:01:52,248 INFO org.apache.hadoop.hdfs.server.namenode.FSNamesystem.audit - allowed=true	ugi=root (auth:SIMPLE)	ip=/172.18.0.4	cmd=listStatus	src=/datalake/analytics/valor_30dias/ano=2023/mes=05	dst=null	perm=null	proto=rpc
2025-12-03 01:01:52,250 INFO org.apache.hadoop.hdfs.server.namenode.FSNamesystem.audit - allowed=true	ugi=root (auth:SIMPLE)	ip=/172.18.0.4	cmd=listStatus	src=/datalake/analytics/valor_30dias/ano=2023/mes=06	dst=null	perm=null	proto=rpc
2025-12-03 01:01:52,252 INFO org.apache.hadoop.hdfs.server.namenode.FSNamesystem.audit - allowed=true	ugi=root (auth:SIMPLE)	ip=/172.18.0.4	cmd=listStatus	src=/datalake/analytics/valor_30dias/ano=2023/mes=07	dst=null	perm=null	proto=rpc
2025-12-03 01:01:52,253 INFO org.apache.hadoop.hdfs.server.namenode.FSNamesystem.audit - allowed=true	ugi=root (auth:SIMPLE)	ip=/172.18.0.4	cmd=listStatus	src=/datalake/analytics/valor_30dias/ano=2023/mes=08	dst=null	perm=null	proto=rpc
2025-12-03 01:01:52,256 INFO org.apache.hadoop.hdfs.server.namenode.FSNamesystem.audit - allowed=true	ugi=root (auth:SIMPLE)	ip=/172.18.0.4	cmd=listStatus	src=/datalake/analytics/valor_30dias/ano=2023/mes=09	dst=null	perm=null	proto=rpc
2025-12-03 01:01:52,257 INFO org.apache.hadoop.hdfs.server.namenode.FSNamesystem.audit - allowed=true	ugi=root (auth:SIMPLE)	ip=/172.18.0.4	cmd=listStatus	src=/datalake/analytics/valor_30dias/ano=2023/mes=10	dst=null	perm=null	proto=rpc
2025-12-03 01:01:52,259 INFO org.apache.hadoop.hdfs.server.namenode.FSNamesystem.audit - allowed=true	ugi=root (auth:SIMPLE)	ip=/172.18.0.4	cmd=listStatus	src=/datalake/analytics/valor_30dias/ano=2023/mes=11	dst=null	perm=null	proto=rpc
2025-12-03 01:01:52,262 INFO org.apache.hadoop.hdfs.server.namenode.FSNamesystem.audit - allowed=true	ugi=root (auth:SIMPLE)	ip=/172.18.0.4	cmd=listStatus	src=/datalake/analytics/valor_30dias/ano=2023/mes=12	dst=null	perm=null	proto=rpc
2025-12-03 01:01:52,264 INFO org.apache.hadoop.hdfs.server.namenode.FSNamesystem.audit - allowed=true	ugi=root (auth:SIMPLE)	ip=/172.18.0.4	cmd=listStatus	src=/datalake/analytics/valor_30dias/ano=2024	dst=null	perm=null	proto=rpc
2025-12-03 01:01:52,267 INFO org.apache.hadoop.hdfs.server.namenode.FSNamesystem.audit - allowed=true	ugi=root (auth:SIMPLE)	ip=/172.18.0.4	cmd=listStatus	src=/datalake/analytics/valor_30dias/ano=2024/mes=01	dst=null	perm=null	proto=rpc
2025-12-03 01:01:52,269 INFO org.apache.hadoop.hdfs.server.namenode.FSNamesystem.audit - allowed=true	ugi=root (auth:SIMPLE)	ip=/172.18.0.4	cmd=listStatus	src=/datalake/analytics/valor_30dias/ano=2024/mes=02	dst=null	perm=null	proto=rpc
2025-12-03 01:01:52,272 INFO org.apache.hadoop.hdfs.server.namenode.FSNamesystem.audit - allowed=true	ugi=root (auth:SIMPLE)	ip=/172.18.0.4	cmd=listStatus	src=/datalake/analytics/valor_30dias/ano=2024/mes=03	dst=null	perm=null	proto=rpc
2025-12-03 01:01:52,274 INFO org.apache.hadoop.hdfs.server.namenode.FSNamesystem.audit - allowed=true	ugi=root (auth:SIMPLE)	ip=/172.18.0.4	cmd=listStatus	src=/datalake/analytics/valor_30dias/ano=2024/mes=04	dst=null	perm=null	proto=rpc
2025-12-03 01:01:52,276 INFO org.apache.hadoop.hdfs.server.namenode.FSNamesystem.audit - allowed=true	ugi=root (auth:SIMPLE)	ip=/172.18.0.4	cmd=listStatus	src=/datalake/analytics/valor_30dias/ano=2024/mes=05	dst=null	perm=null	proto=rpc
2025-12-03 01:01:52,278 INFO org.apache.hadoop.hdfs.server.namenode.FSNamesystem.audit - allowed=true	ugi=root (auth:SIMPLE)	ip=/172.18.0.4	cmd=listStatus	src=/datalake/analytics/valor_30dias/ano=2024/mes=06	dst=null	perm=null	proto=rpc
2025-12-03 01:01:52,279 INFO org.apache.hadoop.hdfs.server.namenode.FSNamesystem.audit - allowed=true	ugi=root (auth:SIMPLE)	ip=/172.18.0.4	cmd=listStatus	src=/datalake/analytics/valor_30dias/ano=2024/mes=07	dst=null	perm=null	proto=rpc
2025-12-03 01:01:52,281 INFO org.apache.hadoop.hdfs.server.namenode.FSNamesystem.audit - allowed=true	ugi=root (auth:SIMPLE)	ip=/172.18.0.4	cmd=listStatus	src=/datalake/analytics/valor_30dias/ano=2024/mes=08	dst=null	perm=null	proto=rpc
2025-12-03 01:01:52,283 INFO org.apache.hadoop.hdfs.server.namenode.FSNamesystem.audit - allowed=true	ugi=root (auth:SIMPLE)	ip=/172.18.0.4	cmd=listStatus	src=/datalake/analytics/valor_30dias/ano=2024/mes=09	dst=null	perm=null	proto=rpc
2025-12-03 01:01:52,286 INFO org.apache.hadoop.hdfs.server.namenode.FSNamesystem.audit - allowed=true	ugi=root (auth:SIMPLE)	ip=/172.18.0.4	cmd=listStatus	src=/datalake/analytics/valor_30dias/ano=2024/mes=10	dst=null	perm=null	proto=rpc
2025-12-03 01:01:52,289 INFO org.apache.hadoop.hdfs.server.namenode.FSNamesystem.audit - allowed=true	ugi=root (auth:SIMPLE)	ip=/172.18.0.4	cmd=listStatus	src=/datalake/analytics/valor_30dias/ano=2024/mes=11	dst=null	perm=null	proto=rpc
2025-12-03 01:01:52,291 INFO org.apache.hadoop.hdfs.server.namenode.FSNamesystem.audit - allowed=true	ugi=root (auth:SIMPLE)	ip=/172.18.0.4	cmd=listStatus	src=/datalake/analytics/valor_30dias/ano=2024/mes=12	dst=null	perm=null	proto=rpc
2025-12-03 01:01:52,293 INFO org.apache.hadoop.hdfs.server.namenode.FSNamesystem.audit - allowed=true	ugi=root (auth:SIMPLE)	ip=/172.18.0.4	cmd=listStatus	src=/datalake/analytics/valor_30dias/ano=2025	dst=null	perm=null	proto=rpc
2025-12-03 01:01:52,296 INFO org.apache.hadoop.hdfs.server.namenode.FSNamesystem.audit - allowed=true	ugi=root (auth:SIMPLE)	ip=/172.18.0.4	cmd=listStatus	src=/datalake/analytics/valor_30dias/ano=2025/mes=01	dst=null	perm=null	proto=rpc
2025-12-03 01:01:52,298 INFO org.apache.hadoop.hdfs.server.namenode.FSNamesystem.audit - allowed=true	ugi=root (auth:SIMPLE)	ip=/172.18.0.4	cmd=listStatus	src=/datalake/analytics/valor_30dias/ano=2025/mes=02	dst=null	perm=null	proto=rpc
2025-12-03 01:01:52,300 INFO org.apache.hadoop.hdfs.server.namenode.FSNamesystem.audit - allowed=true	ugi=root (auth:SIMPLE)	ip=/172.18.0.4	cmd=listStatus	src=/datalake/analytics/valor_30dias/ano=2025/mes=03	dst=null	perm=null	proto=rpc
2025-12-03 01:01:52,302 INFO org.apache.hadoop.hdfs.server.namenode.FSNamesystem.audit - allowed=true	ugi=root (auth:SIMPLE)	ip=/172.18.0.4	cmd=listStatus	src=/datalake/analytics/valor_30dias/ano=2025/mes=04	dst=null	perm=null	proto=rpc
2025-12-03 01:01:52,304 INFO org.apache.hadoop.hdfs.server.namenode.FSNamesystem.audit - allowed=true	ugi=root (auth:SIMPLE)	ip=/172.18.0.4	cmd=listStatus	src=/datalake/analytics/valor_30dias/ano=2025/mes=05	dst=null	perm=null	proto=rpc
2025-12-03 01:01:52,305 INFO org.apache.hadoop.hdfs.server.namenode.FSNamesystem.audit - allowed=true	ugi=root (auth:SIMPLE)	ip=/172.18.0.4	cmd=listStatus	src=/datalake/analytics/valor_30dias/ano=2025/mes=06	dst=null	perm=null	proto=rpc
2025-12-03 01:01:52,307 INFO org.apache.hadoop.hdfs.server.namenode.FSNamesystem.audit - allowed=true	ugi=root (auth:SIMPLE)	ip=/172.18.0.4	cmd=listStatus	src=/datalake/analytics/valor_30dias/ano=2025/mes=07	dst=null	perm=null	proto=rpc
2025-12-03 01:01:52,310 INFO org.apache.hadoop.hdfs.server.namenode.FSNamesystem.audit - allowed=true	ugi=root (auth:SIMPLE)	ip=/172.18.0.4	cmd=listStatus	src=/datalake/analytics/valor_30dias/ano=2025/mes=08	dst=null	perm=null	proto=rpc
2025-12-03 01:01:52,312 INFO org.apache.hadoop.hdfs.server.namenode.FSNamesystem.audit - allowed=true	ugi=root (auth:SIMPLE)	ip=/172.18.0.4	cmd=listStatus	src=/datalake/analytics/valor_30dias/ano=2025/mes=09	dst=null	perm=null	proto=rpc
2025-12-03 01:01:52,314 INFO org.apache.hadoop.hdfs.server.namenode.FSNamesystem.audit - allowed=true	ugi=root (auth:SIMPLE)	ip=/172.18.0.4	cmd=listStatus	src=/datalake/analytics/valor_30dias/ano=2025/mes=10	dst=null	perm=null	proto=rpc
2025-12-03 01:01:52,317 INFO org.apache.hadoop.hdfs.server.namenode.FSNamesystem.audit - allowed=true	ugi=root (auth:SIMPLE)	ip=/172.18.0.4	cmd=listStatus	src=/datalake/analytics/valor_30dias/ano=2025/mes=11	dst=null	perm=null	proto=rpc
2025-12-03 01:04:33,316 INFO org.apache.hadoop.hdfs.server.namenode.FSNamesystem.audit - allowed=true	ugi=root (auth:SIMPLE)	ip=/172.18.0.1	cmd=listStatus	src=/	dst=null	perm=null	proto=webhdfs
2025-12-03 01:37:58,483 INFO org.apache.hadoop.hdfs.server.namenode.FSNamesystem - Roll Edit Log from 172.18.0.4
2025-12-03 01:37:58,484 INFO org.apache.hadoop.hdfs.server.namenode.FSEditLog - Rolling edit logs
2025-12-03 01:37:58,485 INFO org.apache.hadoop.hdfs.server.namenode.FSEditLog - Ending log segment 1364, 1364
2025-12-03 01:37:58,489 INFO org.apache.hadoop.hdfs.server.namenode.FSEditLog - Number of transactions: 2 Total time for transactions(ms): 8 Number of transactions batched in Syncs: 1363 Number of syncs: 2 SyncTimes(ms): 10 
2025-12-03 01:37:58,492 INFO org.apache.hadoop.hdfs.server.namenode.FSEditLog - Number of transactions: 2 Total time for transactions(ms): 8 Number of transactions batched in Syncs: 1363 Number of syncs: 3 SyncTimes(ms): 12 
2025-12-03 01:37:58,498 INFO org.apache.hadoop.hdfs.server.namenode.FileJournalManager - Finalizing edits file /opt/hadoop/data/nn/current/edits_inprogress_0000000000000001364 -> /opt/hadoop/data/nn/current/edits_0000000000000001364-0000000000000001365
2025-12-03 01:37:58,500 INFO org.apache.hadoop.hdfs.server.namenode.FSEditLog - Starting log segment at 1366
2025-12-03 01:37:58,518 INFO org.apache.hadoop.hdfs.server.namenode.FSNamesystem.audit - allowed=true	ugi=root (auth:SIMPLE)	ip=/172.18.0.4	cmd=rollEditLog	src=null	dst=null	perm=null	proto=rpc
2025-12-03 01:37:58,698 INFO org.apache.hadoop.hdfs.server.namenode.TransferFsImage - Sending fileName: /opt/hadoop/data/nn/current/fsimage_0000000000000001003, fileSize: 11367. Sent total: 11367 bytes. Size of last segment intended to send: -1 bytes.
2025-12-03 01:37:58,735 INFO org.apache.hadoop.hdfs.server.namenode.TransferFsImage - Sending fileName: /opt/hadoop/data/nn/current/edits_0000000000000001004-0000000000000001004, fileSize: 1048576. Sent total: 1048576 bytes. Size of last segment intended to send: -1 bytes.
2025-12-03 01:37:58,742 INFO org.apache.hadoop.hdfs.server.namenode.TransferFsImage - Sending fileName: /opt/hadoop/data/nn/current/edits_0000000000000001005-0000000000000001006, fileSize: 42. Sent total: 42 bytes. Size of last segment intended to send: -1 bytes.
2025-12-03 01:37:58,749 INFO org.apache.hadoop.hdfs.server.namenode.TransferFsImage - Sending fileName: /opt/hadoop/data/nn/current/edits_0000000000000001007-0000000000000001362, fileSize: 1048576. Sent total: 1048576 bytes. Size of last segment intended to send: -1 bytes.
2025-12-03 01:37:58,760 INFO org.apache.hadoop.hdfs.server.namenode.TransferFsImage - Sending fileName: /opt/hadoop/data/nn/current/edits_0000000000000001363-0000000000000001363, fileSize: 1048576. Sent total: 1048576 bytes. Size of last segment intended to send: -1 bytes.
2025-12-03 01:37:58,766 INFO org.apache.hadoop.hdfs.server.namenode.TransferFsImage - Sending fileName: /opt/hadoop/data/nn/current/edits_0000000000000001364-0000000000000001365, fileSize: 42. Sent total: 42 bytes. Size of last segment intended to send: -1 bytes.
2025-12-03 01:37:59,166 INFO org.apache.hadoop.hdfs.server.common.Util - Combined time for file download and fsync to all disks took 0.00s. The file download took 0.00s at 11000.00 KB/s. Synchronous (fsync) write to disk of /opt/hadoop/data/nn/current/fsimage.ckpt_0000000000000001365 took 0.00s.
2025-12-03 01:37:59,166 INFO org.apache.hadoop.hdfs.server.namenode.TransferFsImage - Downloaded file fsimage.ckpt_0000000000000001365 size 11367 bytes.
2025-12-03 01:37:59,172 INFO org.apache.hadoop.hdfs.server.namenode.NNStorageRetentionManager - Going to retain 2 images with txid >= 1003
2025-12-03 01:37:59,172 INFO org.apache.hadoop.hdfs.server.namenode.NNStorageRetentionManager - Purging old image FSImageFile(file=/opt/hadoop/data/nn/current/fsimage_0000000000000000989, cpktTxId=0000000000000000989)
2025-12-03 02:43:24,127 INFO org.apache.hadoop.hdfs.server.namenode.FSNamesystem - Roll Edit Log from 172.18.0.4
2025-12-03 02:43:24,131 INFO org.apache.hadoop.hdfs.server.namenode.FSEditLog - Rolling edit logs
2025-12-03 02:43:24,132 INFO org.apache.hadoop.hdfs.server.namenode.FSEditLog - Ending log segment 1366, 1366
2025-12-03 02:43:24,135 INFO org.apache.hadoop.hdfs.server.namenode.FSEditLog - Number of transactions: 2 Total time for transactions(ms): 1 Number of transactions batched in Syncs: 0 Number of syncs: 2 SyncTimes(ms): 7 
2025-12-03 02:43:24,137 INFO org.apache.hadoop.hdfs.server.namenode.FSEditLog - Number of transactions: 2 Total time for transactions(ms): 1 Number of transactions batched in Syncs: 0 Number of syncs: 3 SyncTimes(ms): 9 
2025-12-03 02:43:24,142 INFO org.apache.hadoop.hdfs.server.namenode.FileJournalManager - Finalizing edits file /opt/hadoop/data/nn/current/edits_inprogress_0000000000000001366 -> /opt/hadoop/data/nn/current/edits_0000000000000001366-0000000000000001367
2025-12-03 02:43:24,143 INFO org.apache.hadoop.hdfs.server.namenode.FSEditLog - Starting log segment at 1368
2025-12-03 02:43:24,176 INFO org.apache.hadoop.hdfs.server.namenode.FSNamesystem.audit - allowed=true	ugi=root (auth:SIMPLE)	ip=/172.18.0.4	cmd=rollEditLog	src=null	dst=null	perm=null	proto=rpc
2025-12-03 02:43:24,231 INFO org.apache.hadoop.hdfs.server.namenode.TransferFsImage - Sending fileName: /opt/hadoop/data/nn/current/edits_0000000000000001366-0000000000000001367, fileSize: 42. Sent total: 42 bytes. Size of last segment intended to send: -1 bytes.
2025-12-03 02:43:24,374 INFO org.apache.hadoop.hdfs.server.common.Util - Combined time for file download and fsync to all disks took 0.00s. The file download took 0.00s at 5500.00 KB/s. Synchronous (fsync) write to disk of /opt/hadoop/data/nn/current/fsimage.ckpt_0000000000000001367 took 0.00s.
2025-12-03 02:43:24,374 INFO org.apache.hadoop.hdfs.server.namenode.TransferFsImage - Downloaded file fsimage.ckpt_0000000000000001367 size 11367 bytes.
2025-12-03 02:43:24,382 INFO org.apache.hadoop.hdfs.server.namenode.NNStorageRetentionManager - Going to retain 2 images with txid >= 1365
2025-12-03 02:43:24,383 INFO org.apache.hadoop.hdfs.server.namenode.NNStorageRetentionManager - Purging old image FSImageFile(file=/opt/hadoop/data/nn/current/fsimage_0000000000000001003, cpktTxId=0000000000000001003)
