[2025-11-30T01:29:28.003+0000] {taskinstance.py:1979} INFO - Dependencies all met for dep_context=non-requeueable deps ti=<TaskInstance: carga_dim_categoria.load_dim_categoria scheduled__2025-11-30T01:10:00+00:00 [queued]>
[2025-11-30T01:29:28.008+0000] {taskinstance.py:1979} INFO - Dependencies all met for dep_context=requeueable deps ti=<TaskInstance: carga_dim_categoria.load_dim_categoria scheduled__2025-11-30T01:10:00+00:00 [queued]>
[2025-11-30T01:29:28.008+0000] {taskinstance.py:2193} INFO - Starting attempt 2 of 3
[2025-11-30T01:29:28.015+0000] {taskinstance.py:2214} INFO - Executing <Task(_PythonDecoratedOperator): load_dim_categoria> on 2025-11-30 01:10:00+00:00
[2025-11-30T01:29:28.019+0000] {standard_task_runner.py:60} INFO - Started process 952 to run task
[2025-11-30T01:29:28.021+0000] {standard_task_runner.py:87} INFO - Running: ['***', 'tasks', 'run', 'carga_dim_categoria', 'load_dim_categoria', 'scheduled__2025-11-30T01:10:00+00:00', '--job-id', '44', '--raw', '--subdir', 'DAGS_FOLDER/carga_dim_categoria.py', '--cfg-path', '/tmp/tmpa6cmpidf']
[2025-11-30T01:29:28.023+0000] {standard_task_runner.py:88} INFO - Job 44: Subtask load_dim_categoria
[2025-11-30T01:29:28.072+0000] {task_command.py:423} INFO - Running <TaskInstance: carga_dim_categoria.load_dim_categoria scheduled__2025-11-30T01:10:00+00:00 [running]> on host b3a84050caf5
[2025-11-30T01:29:28.307+0000] {taskinstance.py:2510} INFO - Exporting env vars: AIRFLOW_CTX_DAG_OWNER='etl' AIRFLOW_CTX_DAG_ID='carga_dim_categoria' AIRFLOW_CTX_TASK_ID='load_dim_categoria' AIRFLOW_CTX_EXECUTION_DATE='2025-11-30T01:10:00+00:00' AIRFLOW_CTX_TRY_NUMBER='2' AIRFLOW_CTX_DAG_RUN_ID='scheduled__2025-11-30T01:10:00+00:00'
[2025-11-30T01:29:28.308+0000] {logging_mixin.py:188} INFO - 
=== Iniciando carga da DimCategoria ===
[2025-11-30T01:29:47.776+0000] {logging_mixin.py:188} INFO - [ERRO] Tentativa 1/5 ao conectar:
[2025-11-30T01:29:47.776+0000] {logging_mixin.py:188} INFO - ('HYT00', '[HYT00] [Microsoft][ODBC Driver 18 for SQL Server]Login timeout expired (0) (SQLDriverConnect)')
[2025-11-30T01:29:47.776+0000] {logging_mixin.py:188} INFO - Novamente em 3s...
[2025-11-30T01:30:09.092+0000] {logging_mixin.py:188} INFO - [ERRO] Tentativa 2/5 ao conectar:
[2025-11-30T01:30:09.092+0000] {logging_mixin.py:188} INFO - ('HYT00', '[HYT00] [Microsoft][ODBC Driver 18 for SQL Server]Login timeout expired (0) (SQLDriverConnect)')
[2025-11-30T01:30:09.092+0000] {logging_mixin.py:188} INFO - Novamente em 3s...
[2025-11-30T01:30:27.094+0000] {logging_mixin.py:188} INFO - [ERRO] Tentativa 3/5 ao conectar:
[2025-11-30T01:30:27.094+0000] {logging_mixin.py:188} INFO - ('HYT00', '[HYT00] [Microsoft][ODBC Driver 18 for SQL Server]Login timeout expired (0) (SQLDriverConnect)')
[2025-11-30T01:30:27.094+0000] {logging_mixin.py:188} INFO - Novamente em 3s...
[2025-11-30T01:30:48.451+0000] {logging_mixin.py:188} INFO - [ERRO] Tentativa 4/5 ao conectar:
[2025-11-30T01:30:48.451+0000] {logging_mixin.py:188} INFO - ('HYT00', '[HYT00] [Microsoft][ODBC Driver 18 for SQL Server]Login timeout expired (0) (SQLDriverConnect)')
[2025-11-30T01:30:48.451+0000] {logging_mixin.py:188} INFO - Novamente em 3s...
[2025-11-30T01:31:06.452+0000] {logging_mixin.py:188} INFO - [ERRO] Tentativa 5/5 ao conectar:
[2025-11-30T01:31:06.453+0000] {logging_mixin.py:188} INFO - ('HYT00', '[HYT00] [Microsoft][ODBC Driver 18 for SQL Server]Login timeout expired (0) (SQLDriverConnect)')
[2025-11-30T01:31:06.453+0000] {logging_mixin.py:188} INFO - Falha após várias tentativas.
[2025-11-30T01:31:06.453+0000] {taskinstance.py:2728} ERROR - Task failed with exception
Traceback (most recent call last):
  File "/home/airflow/.local/lib/python3.11/site-packages/airflow/models/taskinstance.py", line 444, in _execute_task
    result = _execute_callable(context=context, **execute_callable_kwargs)
             ^^^^^^^^^^^^^^^^^^^^^^^^^^^^^^^^^^^^^^^^^^^^^^^^^^^^^^^^^^^^^
  File "/home/airflow/.local/lib/python3.11/site-packages/airflow/models/taskinstance.py", line 414, in _execute_callable
    return execute_callable(context=context, **execute_callable_kwargs)
           ^^^^^^^^^^^^^^^^^^^^^^^^^^^^^^^^^^^^^^^^^^^^^^^^^^^^^^^^^^^^
  File "/home/airflow/.local/lib/python3.11/site-packages/airflow/decorators/base.py", line 241, in execute
    return_value = super().execute(context)
                   ^^^^^^^^^^^^^^^^^^^^^^^^
  File "/home/airflow/.local/lib/python3.11/site-packages/airflow/operators/python.py", line 200, in execute
    return_value = self.execute_callable()
                   ^^^^^^^^^^^^^^^^^^^^^^^
  File "/home/airflow/.local/lib/python3.11/site-packages/airflow/operators/python.py", line 217, in execute_callable
    return self.python_callable(*self.op_args, **self.op_kwargs)
           ^^^^^^^^^^^^^^^^^^^^^^^^^^^^^^^^^^^^^^^^^^^^^^^^^^^^^
  File "/opt/airflow/dags/carga_dim_categoria.py", line 35, in load_dim_categoria
    sql_conn, sql_cur = get_sqlserver_cursor()
                        ^^^^^^^^^^^^^^^^^^^^^^
  File "/opt/airflow/dags/database.py", line 94, in get_sqlserver_cursor
    conn = get_sqlserver_conn()
           ^^^^^^^^^^^^^^^^^^^^
  File "/opt/airflow/dags/database.py", line 47, in wrapper
    return func(*args, **kwargs)
           ^^^^^^^^^^^^^^^^^^^^^
  File "/opt/airflow/dags/database.py", line 82, in get_sqlserver_conn
    return pyodbc.connect(conn_str)
           ^^^^^^^^^^^^^^^^^^^^^^^^
pyodbc.OperationalError: ('HYT00', '[HYT00] [Microsoft][ODBC Driver 18 for SQL Server]Login timeout expired (0) (SQLDriverConnect)')
[2025-11-30T01:31:06.459+0000] {taskinstance.py:1149} INFO - Marking task as UP_FOR_RETRY. dag_id=carga_dim_categoria, task_id=load_dim_categoria, execution_date=20251130T011000, start_date=20251130T012928, end_date=20251130T013106
[2025-11-30T01:31:06.468+0000] {standard_task_runner.py:107} ERROR - Failed to execute job 44 for task load_dim_categoria (('HYT00', '[HYT00] [Microsoft][ODBC Driver 18 for SQL Server]Login timeout expired (0) (SQLDriverConnect)'); 952)
[2025-11-30T01:31:06.505+0000] {local_task_job_runner.py:234} INFO - Task exited with return code 1
[2025-11-30T01:31:06.639+0000] {taskinstance.py:3309} INFO - 0 downstream tasks scheduled from follow-on schedule check
