[2025-12-01T02:47:10.863+0000] {taskinstance.py:1979} INFO - Dependencies all met for dep_context=non-requeueable deps ti=<TaskInstance: pipeline_analytics_master.dim_nota_fiscal scheduled__2025-11-30T02:00:00+00:00 [queued]>
[2025-12-01T02:47:10.875+0000] {taskinstance.py:1979} INFO - Dependencies all met for dep_context=requeueable deps ti=<TaskInstance: pipeline_analytics_master.dim_nota_fiscal scheduled__2025-11-30T02:00:00+00:00 [queued]>
[2025-12-01T02:47:10.876+0000] {taskinstance.py:2193} INFO - Starting attempt 1 of 2
[2025-12-01T02:47:10.894+0000] {taskinstance.py:2214} INFO - Executing <Task(TriggerDagRunOperator): dim_nota_fiscal> on 2025-11-30 02:00:00+00:00
[2025-12-01T02:47:10.906+0000] {standard_task_runner.py:60} INFO - Started process 530 to run task
[2025-12-01T02:47:10.910+0000] {standard_task_runner.py:87} INFO - Running: ['***', 'tasks', 'run', 'pipeline_analytics_master', 'dim_nota_fiscal', 'scheduled__2025-11-30T02:00:00+00:00', '--job-id', '205', '--raw', '--subdir', 'DAGS_FOLDER/pipeline_analytics_master.py', '--cfg-path', '/tmp/tmp2j3a7u_a']
[2025-12-01T02:47:10.914+0000] {standard_task_runner.py:88} INFO - Job 205: Subtask dim_nota_fiscal
[2025-12-01T02:47:11.024+0000] {task_command.py:423} INFO - Running <TaskInstance: pipeline_analytics_master.dim_nota_fiscal scheduled__2025-11-30T02:00:00+00:00 [running]> on host 1439f57e621d
[2025-12-01T02:47:12.050+0000] {taskinstance.py:2510} INFO - Exporting env vars: AIRFLOW_CTX_DAG_OWNER='etl' AIRFLOW_CTX_DAG_ID='pipeline_analytics_master' AIRFLOW_CTX_TASK_ID='dim_nota_fiscal' AIRFLOW_CTX_EXECUTION_DATE='2025-11-30T02:00:00+00:00' AIRFLOW_CTX_TRY_NUMBER='1' AIRFLOW_CTX_DAG_RUN_ID='scheduled__2025-11-30T02:00:00+00:00'
[2025-12-01T02:47:12.097+0000] {taskinstance.py:2728} ERROR - Task failed with exception
Traceback (most recent call last):
  File "/home/airflow/.local/lib/python3.11/site-packages/airflow/models/taskinstance.py", line 444, in _execute_task
    result = _execute_callable(context=context, **execute_callable_kwargs)
             ^^^^^^^^^^^^^^^^^^^^^^^^^^^^^^^^^^^^^^^^^^^^^^^^^^^^^^^^^^^^^
  File "/home/airflow/.local/lib/python3.11/site-packages/airflow/models/taskinstance.py", line 414, in _execute_callable
    return execute_callable(context=context, **execute_callable_kwargs)
           ^^^^^^^^^^^^^^^^^^^^^^^^^^^^^^^^^^^^^^^^^^^^^^^^^^^^^^^^^^^^
  File "/home/airflow/.local/lib/python3.11/site-packages/airflow/operators/trigger_dagrun.py", line 165, in execute
    dag_run = trigger_dag(
              ^^^^^^^^^^^^
  File "/home/airflow/.local/lib/python3.11/site-packages/airflow/api/common/trigger_dag.py", line 122, in trigger_dag
    raise DagNotFound(f"Dag id {dag_id} not found in DagModel")
airflow.exceptions.DagNotFound: Dag id carga_dim_nota_fiscal not found in DagModel
[2025-12-01T02:47:12.108+0000] {taskinstance.py:1149} INFO - Marking task as UP_FOR_RETRY. dag_id=pipeline_analytics_master, task_id=dim_nota_fiscal, execution_date=20251130T020000, start_date=20251201T024710, end_date=20251201T024712
[2025-12-01T02:47:12.140+0000] {standard_task_runner.py:107} ERROR - Failed to execute job 205 for task dim_nota_fiscal (Dag id carga_dim_nota_fiscal not found in DagModel; 530)
[2025-12-01T02:47:12.185+0000] {local_task_job_runner.py:234} INFO - Task exited with return code 1
[2025-12-01T02:47:12.237+0000] {taskinstance.py:3309} INFO - 0 downstream tasks scheduled from follow-on schedule check
