[2025-12-01T03:04:34.532+0000] {taskinstance.py:1979} INFO - Dependencies all met for dep_context=non-requeueable deps ti=<TaskInstance: carga_fato_recebimentos.load_fato_recebimentos manual__2025-12-01T03:04:34.046028+00:00 [queued]>
[2025-12-01T03:04:34.545+0000] {taskinstance.py:1979} INFO - Dependencies all met for dep_context=requeueable deps ti=<TaskInstance: carga_fato_recebimentos.load_fato_recebimentos manual__2025-12-01T03:04:34.046028+00:00 [queued]>
[2025-12-01T03:04:34.545+0000] {taskinstance.py:2193} INFO - Starting attempt 1 of 3
[2025-12-01T03:04:34.566+0000] {taskinstance.py:2214} INFO - Executing <Task(_PythonDecoratedOperator): load_fato_recebimentos> on 2025-12-01 03:04:34.046028+00:00
[2025-12-01T03:04:34.571+0000] {standard_task_runner.py:60} INFO - Started process 3127 to run task
[2025-12-01T03:04:34.579+0000] {standard_task_runner.py:87} INFO - Running: ['***', 'tasks', 'run', 'carga_fato_recebimentos', 'load_fato_recebimentos', 'manual__2025-12-01T03:04:34.046028+00:00', '--job-id', '276', '--raw', '--subdir', 'DAGS_FOLDER/carga_fato_recebimentos.py', '--cfg-path', '/tmp/tmpn7kuswmj']
[2025-12-01T03:04:34.585+0000] {standard_task_runner.py:88} INFO - Job 276: Subtask load_fato_recebimentos
[2025-12-01T03:04:34.887+0000] {task_command.py:423} INFO - Running <TaskInstance: carga_fato_recebimentos.load_fato_recebimentos manual__2025-12-01T03:04:34.046028+00:00 [running]> on host 1439f57e621d
[2025-12-01T03:04:35.009+0000] {taskinstance.py:2510} INFO - Exporting env vars: AIRFLOW_CTX_DAG_OWNER='etl' AIRFLOW_CTX_DAG_ID='carga_fato_recebimentos' AIRFLOW_CTX_TASK_ID='load_fato_recebimentos' AIRFLOW_CTX_EXECUTION_DATE='2025-12-01T03:04:34.046028+00:00' AIRFLOW_CTX_TRY_NUMBER='1' AIRFLOW_CTX_DAG_RUN_ID='manual__2025-12-01T03:04:34.046028+00:00'
[2025-12-01T03:04:35.010+0000] {logging_mixin.py:188} INFO - 
=== Iniciando carga da FatoRecebimentos ===
[2025-12-01T03:04:36.076+0000] {logging_mixin.py:188} INFO - Último RecebimentoID carregado: 987397
[2025-12-01T03:04:36.936+0000] {logging_mixin.py:188} INFO - Encontrados 1333 novos títulos a receber.
[2025-12-01T03:04:38.408+0000] {logging_mixin.py:188} INFO - [WARN] ClienteID 2275 não encontrado. Pulando.
[2025-12-01T03:04:38.410+0000] {logging_mixin.py:188} INFO - [WARN] ClienteID 2275 não encontrado. Pulando.
[2025-12-01T03:04:38.412+0000] {logging_mixin.py:188} INFO - [WARN] ClienteID 2275 não encontrado. Pulando.
[2025-12-01T03:04:38.414+0000] {logging_mixin.py:188} INFO - [WARN] ClienteID 2275 não encontrado. Pulando.
[2025-12-01T03:04:38.416+0000] {logging_mixin.py:188} INFO - [WARN] ClienteID 2275 não encontrado. Pulando.
[2025-12-01T03:04:38.419+0000] {logging_mixin.py:188} INFO - [WARN] ClienteID 2275 não encontrado. Pulando.
[2025-12-01T03:04:38.422+0000] {logging_mixin.py:188} INFO - [WARN] ClienteID 2275 não encontrado. Pulando.
[2025-12-01T03:04:38.425+0000] {logging_mixin.py:188} INFO - [WARN] ClienteID 2275 não encontrado. Pulando.
[2025-12-01T03:04:38.427+0000] {logging_mixin.py:188} INFO - [WARN] ClienteID 2275 não encontrado. Pulando.
[2025-12-01T03:04:38.428+0000] {logging_mixin.py:188} INFO - [WARN] ClienteID 2275 não encontrado. Pulando.
[2025-12-01T03:04:41.280+0000] {logging_mixin.py:188} INFO - FatoRecebimentos - 1323 registros inseridos com sucesso.
[2025-12-01T03:04:41.281+0000] {python.py:202} INFO - Done. Returned value was: None
[2025-12-01T03:04:41.292+0000] {taskinstance.py:1149} INFO - Marking task as SUCCESS. dag_id=carga_fato_recebimentos, task_id=load_fato_recebimentos, execution_date=20251201T030434, start_date=20251201T030434, end_date=20251201T030441
[2025-12-01T03:04:41.348+0000] {local_task_job_runner.py:234} INFO - Task exited with return code 0
[2025-12-01T03:04:41.367+0000] {taskinstance.py:3309} INFO - 0 downstream tasks scheduled from follow-on schedule check
