[2025-12-01T02:47:10.860+0000] {taskinstance.py:1979} INFO - Dependencies all met for dep_context=non-requeueable deps ti=<TaskInstance: pipeline_analytics_master.dim_parcela scheduled__2025-11-30T02:00:00+00:00 [queued]>
[2025-12-01T02:47:10.871+0000] {taskinstance.py:1979} INFO - Dependencies all met for dep_context=requeueable deps ti=<TaskInstance: pipeline_analytics_master.dim_parcela scheduled__2025-11-30T02:00:00+00:00 [queued]>
[2025-12-01T02:47:10.872+0000] {taskinstance.py:2193} INFO - Starting attempt 1 of 2
[2025-12-01T02:47:10.892+0000] {taskinstance.py:2214} INFO - Executing <Task(TriggerDagRunOperator): dim_parcela> on 2025-11-30 02:00:00+00:00
[2025-12-01T02:47:10.900+0000] {standard_task_runner.py:60} INFO - Started process 529 to run task
[2025-12-01T02:47:10.905+0000] {standard_task_runner.py:87} INFO - Running: ['***', 'tasks', 'run', 'pipeline_analytics_master', 'dim_parcela', 'scheduled__2025-11-30T02:00:00+00:00', '--job-id', '206', '--raw', '--subdir', 'DAGS_FOLDER/pipeline_analytics_master.py', '--cfg-path', '/tmp/tmpgypwk_pk']
[2025-12-01T02:47:10.907+0000] {standard_task_runner.py:88} INFO - Job 206: Subtask dim_parcela
[2025-12-01T02:47:11.005+0000] {task_command.py:423} INFO - Running <TaskInstance: pipeline_analytics_master.dim_parcela scheduled__2025-11-30T02:00:00+00:00 [running]> on host 1439f57e621d
[2025-12-01T02:47:11.978+0000] {taskinstance.py:2510} INFO - Exporting env vars: AIRFLOW_CTX_DAG_OWNER='etl' AIRFLOW_CTX_DAG_ID='pipeline_analytics_master' AIRFLOW_CTX_TASK_ID='dim_parcela' AIRFLOW_CTX_EXECUTION_DATE='2025-11-30T02:00:00+00:00' AIRFLOW_CTX_TRY_NUMBER='1' AIRFLOW_CTX_DAG_RUN_ID='scheduled__2025-11-30T02:00:00+00:00'
[2025-12-01T02:47:12.166+0000] {trigger_dagrun.py:210} INFO - Waiting for carga_dim_parcela on 2025-12-01 02:47:11.979872+00:00 to become allowed state ['success'] ...
[2025-12-01T02:48:13.614+0000] {trigger_dagrun.py:210} INFO - Waiting for carga_dim_parcela on 2025-12-01 02:47:11.979872+00:00 to become allowed state ['success'] ...
[2025-12-01T02:49:15.151+0000] {trigger_dagrun.py:210} INFO - Waiting for carga_dim_parcela on 2025-12-01 02:47:11.979872+00:00 to become allowed state ['success'] ...
[2025-12-01T02:50:16.605+0000] {trigger_dagrun.py:210} INFO - Waiting for carga_dim_parcela on 2025-12-01 02:47:11.979872+00:00 to become allowed state ['success'] ...
[2025-12-01T02:51:18.115+0000] {trigger_dagrun.py:210} INFO - Waiting for carga_dim_parcela on 2025-12-01 02:47:11.979872+00:00 to become allowed state ['success'] ...
[2025-12-01T02:52:19.586+0000] {trigger_dagrun.py:210} INFO - Waiting for carga_dim_parcela on 2025-12-01 02:47:11.979872+00:00 to become allowed state ['success'] ...
[2025-12-01T02:53:21.098+0000] {trigger_dagrun.py:210} INFO - Waiting for carga_dim_parcela on 2025-12-01 02:47:11.979872+00:00 to become allowed state ['success'] ...
[2025-12-01T02:54:22.590+0000] {trigger_dagrun.py:210} INFO - Waiting for carga_dim_parcela on 2025-12-01 02:47:11.979872+00:00 to become allowed state ['success'] ...
[2025-12-01T02:55:24.107+0000] {trigger_dagrun.py:210} INFO - Waiting for carga_dim_parcela on 2025-12-01 02:47:11.979872+00:00 to become allowed state ['success'] ...
[2025-12-01T02:56:25.617+0000] {trigger_dagrun.py:210} INFO - Waiting for carga_dim_parcela on 2025-12-01 02:47:11.979872+00:00 to become allowed state ['success'] ...
[2025-12-01T02:57:27.124+0000] {trigger_dagrun.py:223} INFO - carga_dim_parcela finished with allowed state success
[2025-12-01T02:57:27.133+0000] {taskinstance.py:1149} INFO - Marking task as SUCCESS. dag_id=pipeline_analytics_master, task_id=dim_parcela, execution_date=20251130T020000, start_date=20251201T024710, end_date=20251201T025727
[2025-12-01T02:57:27.190+0000] {local_task_job_runner.py:234} INFO - Task exited with return code 0
[2025-12-01T02:57:27.206+0000] {taskinstance.py:3309} INFO - 0 downstream tasks scheduled from follow-on schedule check
