[2025-11-30T01:51:48.393+0000] {taskinstance.py:1979} INFO - Dependencies all met for dep_context=non-requeueable deps ti=<TaskInstance: carga_fato_recebimentos.load_fato_recebimentos scheduled__2025-11-29T00:00:00+00:00 [queued]>
[2025-11-30T01:51:48.401+0000] {taskinstance.py:1979} INFO - Dependencies all met for dep_context=requeueable deps ti=<TaskInstance: carga_fato_recebimentos.load_fato_recebimentos scheduled__2025-11-29T00:00:00+00:00 [queued]>
[2025-11-30T01:51:48.401+0000] {taskinstance.py:2193} INFO - Starting attempt 1 of 3
[2025-11-30T01:51:48.410+0000] {taskinstance.py:2214} INFO - Executing <Task(_PythonDecoratedOperator): load_fato_recebimentos> on 2025-11-29 00:00:00+00:00
[2025-11-30T01:51:48.414+0000] {standard_task_runner.py:60} INFO - Started process 773 to run task
[2025-11-30T01:51:48.417+0000] {standard_task_runner.py:87} INFO - Running: ['***', 'tasks', 'run', 'carga_fato_recebimentos', 'load_fato_recebimentos', 'scheduled__2025-11-29T00:00:00+00:00', '--job-id', '63', '--raw', '--subdir', 'DAGS_FOLDER/carga_fato_recebimentos.py', '--cfg-path', '/tmp/tmpi3f7nd4d']
[2025-11-30T01:51:48.420+0000] {standard_task_runner.py:88} INFO - Job 63: Subtask load_fato_recebimentos
[2025-11-30T01:51:48.588+0000] {task_command.py:423} INFO - Running <TaskInstance: carga_fato_recebimentos.load_fato_recebimentos scheduled__2025-11-29T00:00:00+00:00 [running]> on host 9ad253eb6f4d
[2025-11-30T01:51:48.638+0000] {taskinstance.py:2510} INFO - Exporting env vars: AIRFLOW_CTX_DAG_OWNER='etl' AIRFLOW_CTX_DAG_ID='carga_fato_recebimentos' AIRFLOW_CTX_TASK_ID='load_fato_recebimentos' AIRFLOW_CTX_EXECUTION_DATE='2025-11-29T00:00:00+00:00' AIRFLOW_CTX_TRY_NUMBER='1' AIRFLOW_CTX_DAG_RUN_ID='scheduled__2025-11-29T00:00:00+00:00'
[2025-11-30T01:51:48.638+0000] {logging_mixin.py:188} INFO - 
=== Iniciando carga da FatoRecebimentos ===
[2025-11-30T01:51:49.684+0000] {logging_mixin.py:188} INFO - Último RecebimentoID carregado: 987397
[2025-11-30T01:51:50.650+0000] {logging_mixin.py:188} INFO - Encontrados 1333 novos títulos a receber.
[2025-11-30T01:51:51.246+0000] {logging_mixin.py:188} INFO - [WARN] ClienteID 2275 não encontrado. Pulando.
[2025-11-30T01:51:51.247+0000] {logging_mixin.py:188} INFO - [WARN] ClienteID 2275 não encontrado. Pulando.
[2025-11-30T01:51:51.247+0000] {logging_mixin.py:188} INFO - [WARN] ClienteID 2275 não encontrado. Pulando.
[2025-11-30T01:51:51.248+0000] {logging_mixin.py:188} INFO - [WARN] ClienteID 2275 não encontrado. Pulando.
[2025-11-30T01:51:51.249+0000] {logging_mixin.py:188} INFO - [WARN] ClienteID 2275 não encontrado. Pulando.
[2025-11-30T01:51:51.249+0000] {logging_mixin.py:188} INFO - [WARN] ClienteID 2275 não encontrado. Pulando.
[2025-11-30T01:51:51.249+0000] {logging_mixin.py:188} INFO - [WARN] ClienteID 2275 não encontrado. Pulando.
[2025-11-30T01:51:51.250+0000] {logging_mixin.py:188} INFO - [WARN] ClienteID 2275 não encontrado. Pulando.
[2025-11-30T01:51:51.250+0000] {logging_mixin.py:188} INFO - [WARN] ClienteID 2275 não encontrado. Pulando.
[2025-11-30T01:51:51.251+0000] {logging_mixin.py:188} INFO - [WARN] ClienteID 2275 não encontrado. Pulando.
[2025-11-30T01:51:52.943+0000] {logging_mixin.py:188} INFO - FatoRecebimentos - 1323 registros inseridos com sucesso.
[2025-11-30T01:51:52.944+0000] {python.py:202} INFO - Done. Returned value was: None
[2025-11-30T01:51:52.949+0000] {taskinstance.py:1149} INFO - Marking task as SUCCESS. dag_id=carga_fato_recebimentos, task_id=load_fato_recebimentos, execution_date=20251129T000000, start_date=20251130T015148, end_date=20251130T015152
[2025-11-30T01:51:52.962+0000] {local_task_job_runner.py:234} INFO - Task exited with return code 0
[2025-11-30T01:51:52.972+0000] {taskinstance.py:3309} INFO - 0 downstream tasks scheduled from follow-on schedule check
